#
# A fatal error has been detected by the Java Runtime Environment:
#
#  EXCEPTION_ACCESS_VIOLATION (0xc0000005) at pc=0x00007fffc8f81ad6, pid=10284, tid=13048
#
# JRE version: Java(TM) SE Runtime Environment (15.0+36) (build 15+36-1562)
# Java VM: Java HotSpot(TM) 64-Bit Server VM (15+36-1562, mixed mode, sharing, tiered, compressed oops, g1 gc, windows-amd64)
# Problematic frame:
# V  [jvm.dll+0x181ad6]
#
# No core dump will be written. Minidumps are not enabled by default on client versions of Windows
#
# If you would like to submit a bug report, please visit:
#   https://bugreport.java.com/bugreport/crash.jsp
#

---------------  S U M M A R Y ------------

Command Line: --add-opens=java.base/java.util=ALL-UNNAMED --add-opens=java.base/java.lang=ALL-UNNAMED --add-opens=java.base/java.lang.invoke=ALL-UNNAMED --add-opens=java.prefs/java.util.prefs=ALL-UNNAMED -XX:MaxMetaspaceSize=256m -XX:+HeapDumpOnOutOfMemoryError -Xms256m -Xmx512m -Dfile.encoding=windows-1252 -Duser.country=ID -Duser.language=en -Duser.variant org.gradle.launcher.daemon.bootstrap.GradleDaemon 6.6.1

Host: Intel(R) Core(TM) i5-4210U CPU @ 1.70GHz, 4 cores, 7G,  Windows 10 , 64 bit Build 19041 (10.0.19041.292)
Time: Mon Oct  5 12:23:43 2020 Malay Peninsula Standard Time elapsed time: 15.572794 seconds (0d 0h 0m 15s)

---------------  T H R E A D  ---------------

Current thread (0x000001e517f10d70):  ConcurrentGCThread "G1 Conc#0" [stack: 0x000000c4df500000,0x000000c4df600000] [id=13048]

Stack: [0x000000c4df500000,0x000000c4df600000],  sp=0x000000c4df5ffa48,  free space=1022k
Native frames: (J=compiled Java code, j=interpreted, Vv=VM code, C=native code)
V  [jvm.dll+0x181ad6]


siginfo: EXCEPTION_ACCESS_VIOLATION (0xc0000005), reading address 0x0000000f4d241cc8


Register to memory mapping:

RIP=0x00007fffc8f81ad6 jvm.dll
RAX=0x00000000c8e0b980 is an unknown value
RBX=0x0000000f4d241cc0 is an unknown value
RCX=
[error occurred during error reporting (printing register info), id 0xc0000005, EXCEPTION_ACCESS_VIOLATION (0xc0000005) at pc=0x00007fffc909cad0]

Registers:
RAX=0x00000000c8e0b980, RBX=0x0000000f4d241cc0, RCX=0x00000000e9c618d0, RDX=0x00000000e9c618d0
RSP=0x000000c4df5ffa48, RBP=0x000001e517f0b090, RSI=0x00000000e9c618d0, RDI=0x00000000000020d7
R8 =0x0000000800011028, R9 =0x0000000f4d241cc0, R10=0x0000000000010749, R11=0x0000000000000246
R12=0x0000000000000000, R13=0x000000c4df4ff220, R14=0x00000000e9d00000, R15=0x00007fffc97fa4c0
RIP=0x00007fffc8f81ad6, EFLAGS=0x0000000000010206

Top of Stack: (sp=0x000000c4df5ffa48)
0x000000c4df5ffa48:   00007fffc90b5bb1 0000000000000000
0x000000c4df5ffa58:   00000000e9d00000 00007fffc97fa4c0
0x000000c4df5ffa68:   0000000800011028 00007fffc9683bd0
0x000000c4df5ffa78:   0000000000000000 000001e500000003
0x000000c4df5ffa88:   000001e517ef3410 000001e517f0afe0
0x000000c4df5ffa98:   00007fff00000000 0000000000000000
0x000000c4df5ffaa8:   000001e517f10d70 0000000000000000
0x000000c4df5ffab8:   0000000000000000 000000c4df5ffe80
0x000000c4df5ffac8:   00007fffc95ac800 000001e517f10d70
0x000000c4df5ffad8:   0000000000000000 00000000000075a3
0x000000c4df5ffae8:   00000000000075a3 000000c4df4ff220
0x000000c4df5ffaf8:   0000000000000000 0000000000000000
0x000000c4df5ffb08:   0000000000000000 000001e517f10d70
0x000000c4df5ffb18:   00007fffc953c64a 000001e517f10d70
0x000000c4df5ffb28:   00000000ffffffff 0000000000000000
0x000000c4df5ffb38:   0000000000000000 0000000000000000 

Instructions: (pc=0x00007fffc8f81ad6)
0x00007fffc8f819d6:   40 48 8b 74 24 48 48 83 c4 30 5f c3 48 8b 07 48
0x00007fffc8f819e6:   8d 54 24 20 48 89 4c 24 28 48 8b cf 48 89 5c 24
0x00007fffc8f819f6:   20 ff 50 38 48 8b 5c 24 40 48 8b 74 24 48 48 83
0x00007fffc8f81a06:   c4 30 5f c3 cc cc cc cc cc cc 48 89 5c 24 08 57
0x00007fffc8f81a16:   48 83 ec 30 48 8b 02 48 8b f9 48 8b ca 48 8b da
0x00007fffc8f81a26:   ff 50 38 84 c0 74 48 0f 10 83 70 03 00 00 66 0f
0x00007fffc8f81a36:   73 d8 08 66 48 0f 7e c0 48 85 c0 74 32 0f 10 83
0x00007fffc8f81a46:   70 03 00 00 48 8b 07 48 8d 54 24 20 48 8b cf 0f
0x00007fffc8f81a56:   29 44 24 20 ff 50 40 33 c0 48 89 44 24 20 48 89
0x00007fffc8f81a66:   44 24 28 0f 10 44 24 20 0f 11 83 70 03 00 00 48
0x00007fffc8f81a76:   8b 5c 24 40 48 83 c4 30 5f c3 48 8b 49 40 48 8b
0x00007fffc8f81a86:   01 48 ff 60 28 cc cc cc cc cc 80 3d 0a f5 8f 00
0x00007fffc8f81a96:   00 48 8b c1 74 1b 8b 51 08 8b 0d 7b 7f 87 00 48
0x00007fffc8f81aa6:   d3 e2 48 8b c8 48 03 15 66 7f 87 00 e9 19 00 00
0x00007fffc8f81ab6:   00 48 8b 51 08 48 8b c8 e9 0d 00 00 00 cc cc cc
0x00007fffc8f81ac6:   cc cc cc cc cc cc cc cc cc cc 4c 8b ca 48 8b d1
0x00007fffc8f81ad6:   45 8b 41 08 45 85 c0 7e 0e 41 f6 c0 01 75 56 41
0x00007fffc8f81ae6:   c1 f8 03 41 8b c0 c3 79 4c 80 3d ab f4 8f 00 00
0x00007fffc8f81af6:   b8 0c 00 00 00 b9 10 00 00 00 0f 45 c8 8b 05 eb
0x00007fffc8f81b06:   8e 87 00 ff c8 4c 63 c8 48 63 14 11 41 8b c8 83
0x00007fffc8f81b16:   e1 3f 48 d3 e2 41 8b c8 48 c1 f9 10 0f b6 c1 49
0x00007fffc8f81b26:   8d 0c 11 49 f7 d1 48 03 c1 49 c1 e9 03 48 c1 e8
0x00007fffc8f81b36:   03 41 23 c1 c3 49 8b 01 49 8b c9 48 ff a0 f0 00
0x00007fffc8f81b46:   00 00 cc cc cc cc cc cc cc cc 48 83 ec 38 0f 10
0x00007fffc8f81b56:   02 48 8b 49 40 48 8d 54 24 20 0f 29 44 24 20 e8
0x00007fffc8f81b66:   16 f3 ff ff 48 83 c4 38 c3 cc 48 83 ec 38 0f 10
0x00007fffc8f81b76:   02 48 8b 01 48 8d 54 24 20 0f 29 44 24 20 ff 50
0x00007fffc8f81b86:   38 48 83 c4 38 c3 cc cc cc cc 48 89 5c 24 08 55
0x00007fffc8f81b96:   56 57 41 54 41 55 41 56 41 57 48 8d 6c 24 e0 48
0x00007fffc8f81ba6:   81 ec 20 01 00 00 48 8b 05 25 c2 8a 00 48 33 c4
0x00007fffc8f81bb6:   48 89 45 10 48 8b 05 5f fe 8c 00 45 33 ed 4c 8b
0x00007fffc8f81bc6:   b5 80 00 00 00 4c 8b fa 48 8b bd 88 00 00 00 4d 


Stack slot to memory mapping:
stack at sp + 0 slots: 0x00007fffc90b5bb1 jvm.dll
stack at sp + 1 slots: 0x0 is NULL
stack at sp + 2 slots: 0x00000000e9d00000 is an oop: [B 
{0x00000000e9d00000} - klass: {type array byte}
 - length: 56
stack at sp + 3 slots: 0x00007fffc97fa4c0 jvm.dll
stack at sp + 4 slots: 0x0000000800011028 is pointing into metadata
stack at sp + 5 slots: 0x00007fffc9683bd0 jvm.dll
stack at sp + 6 slots: 0x0 is NULL
stack at sp + 7 slots: 0x000001e500000003 is an unknown value


---------------  P R O C E S S  ---------------

Threads class SMR info:
_java_thread_list=0x000001e5382e3940, length=31, elements={
0x000001e517ee9e60, 0x000001e5328da640, 0x000001e5328db120, 0x000001e5328f7330,
0x000001e5328f7cf0, 0x000001e5328fa6c0, 0x000001e5328fe8b0, 0x000001e5329006c0,
0x000001e532916ff0, 0x000001e533332ce0, 0x000001e533343790, 0x000001e534cea8d0,
0x000001e5345fdd00, 0x000001e5345ff320, 0x000001e534e2a2a0, 0x000001e533444a80,
0x000001e5345fb100, 0x000001e534d52ff0, 0x000001e534d534c0, 0x000001e534d53990,
0x000001e534de4080, 0x000001e534de4550, 0x000001e534de4a20, 0x000001e534de5890,
0x000001e534de7570, 0x000001e534de7a40, 0x000001e5375297f0, 0x000001e53577ff50,
0x000001e53752b9a0, 0x000001e53752c340, 0x000001e537527fe0
}

Java Threads: ( => current thread )
  0x000001e517ee9e60 JavaThread "main" [_thread_blocked, id=13572, stack(0x000000c4df200000,0x000000c4df300000)]
  0x000001e5328da640 JavaThread "Reference Handler" daemon [_thread_blocked, id=13932, stack(0x000000c4df900000,0x000000c4dfa00000)]
  0x000001e5328db120 JavaThread "Finalizer" daemon [_thread_blocked, id=7396, stack(0x000000c4dfa00000,0x000000c4dfb00000)]
  0x000001e5328f7330 JavaThread "Signal Dispatcher" daemon [_thread_blocked, id=7876, stack(0x000000c4dfb00000,0x000000c4dfc00000)]
  0x000001e5328f7cf0 JavaThread "Attach Listener" daemon [_thread_blocked, id=11504, stack(0x000000c4dfc00000,0x000000c4dfd00000)]
  0x000001e5328fa6c0 JavaThread "Service Thread" daemon [_thread_blocked, id=5380, stack(0x000000c4dfd00000,0x000000c4dfe00000)]
  0x000001e5328fe8b0 JavaThread "C2 CompilerThread0" daemon [_thread_blocked, id=4944, stack(0x000000c4dfe00000,0x000000c4dff00000)]
  0x000001e5329006c0 JavaThread "C1 CompilerThread0" daemon [_thread_blocked, id=14556, stack(0x000000c4dff00000,0x000000c4e0000000)]
  0x000001e532916ff0 JavaThread "Sweeper thread" daemon [_thread_blocked, id=3976, stack(0x000000c4e0000000,0x000000c4e0100000)]
  0x000001e533332ce0 JavaThread "Common-Cleaner" daemon [_thread_blocked, id=7352, stack(0x000000c4e0100000,0x000000c4e0200000)]
  0x000001e533343790 JavaThread "Notification Thread" daemon [_thread_blocked, id=9508, stack(0x000000c4e0200000,0x000000c4e0300000)]
  0x000001e534cea8d0 JavaThread "Daemon health stats" [_thread_blocked, id=3988, stack(0x000000c4e0900000,0x000000c4e0a00000)]
  0x000001e5345fdd00 JavaThread "Incoming local TCP Connector on port 59542" [_thread_in_native, id=7348, stack(0x000000c4e0c00000,0x000000c4e0d00000)]
  0x000001e5345ff320 JavaThread "Daemon periodic checks" [_thread_blocked, id=9492, stack(0x000000c4e0d00000,0x000000c4e0e00000)]
  0x000001e534e2a2a0 JavaThread "Daemon" [_thread_blocked, id=1032, stack(0x000000c4e0e00000,0x000000c4e0f00000)]
  0x000001e533444a80 JavaThread "Handler for socket connection from /127.0.0.1:59542 to /127.0.0.1:59543" [_thread_in_native, id=10028, stack(0x000000c4e0f00000,0x000000c4e1000000)]
  0x000001e5345fb100 JavaThread "Cancel handler" [_thread_blocked, id=6996, stack(0x000000c4e1000000,0x000000c4e1100000)]
  0x000001e534d52ff0 JavaThread "Daemon worker" [_thread_in_vm, id=7988, stack(0x000000c4e1100000,0x000000c4e1200000)]
  0x000001e534d534c0 JavaThread "Asynchronous log dispatcher for DefaultDaemonConnection: socket connection from /127.0.0.1:59542 to /127.0.0.1:59543" [_thread_blocked, id=484, stack(0x000000c4e1200000,0x000000c4e1300000)]
  0x000001e534d53990 JavaThread "Stdin handler" [_thread_blocked, id=9644, stack(0x000000c4e1300000,0x000000c4e1400000)]
  0x000001e534de4080 JavaThread "Thread-8" [_thread_blocked, id=12416, stack(0x000000c4e1400000,0x000000c4e1500000)]
  0x000001e534de4550 JavaThread "Cache worker for file hash cache (C:\Users\abimu\.gradle\caches\6.6.1\fileHashes)" [_thread_blocked, id=13704, stack(0x000000c4e1500000,0x000000c4e1600000)]
  0x000001e534de4a20 JavaThread "File lock request listener" [_thread_in_native, id=13908, stack(0x000000c4e1600000,0x000000c4e1700000)]
  0x000001e534de5890 JavaThread "Cache worker for journal cache (C:\Users\abimu\.gradle\caches\journal-1)" [_thread_blocked, id=11752, stack(0x000000c4e0400000,0x000000c4e0500000)]
  0x000001e534de7570 JavaThread "Cache worker for file hash cache (F:\building-scala-libraries\.gradle\6.6.1\fileHashes)" [_thread_blocked, id=12016, stack(0x000000c4e1800000,0x000000c4e1900000)]
  0x000001e534de7a40 JavaThread "Cache worker for checksums cache (F:\building-scala-libraries\.gradle\checksums)" [_thread_blocked, id=2744, stack(0x000000c4e1900000,0x000000c4e1a00000)]
  0x000001e5375297f0 JavaThread "Cache worker for execution history cache (C:\Users\abimu\.gradle\caches\6.6.1\executionHistory)" [_thread_blocked, id=928, stack(0x000000c4e1b00000,0x000000c4e1c00000)]
  0x000001e53577ff50 JavaThread "C2 CompilerThread1" daemon [_thread_blocked, id=14032, stack(0x000000c4e1c00000,0x000000c4e1d00000)]
  0x000001e53752b9a0 JavaThread "jar transforms" [_thread_blocked, id=14912, stack(0x000000c4e1d00000,0x000000c4e1e00000)]
  0x000001e53752c340 JavaThread "Cache worker for file content cache (C:\Users\abimu\.gradle\caches\6.6.1\fileContent)" [_thread_blocked, id=9780, stack(0x000000c4e1e00000,0x000000c4e1f00000)]
  0x000001e537527fe0 JavaThread "DisconnectableInputStream source reader" daemon [_thread_blocked, id=10532, stack(0x000000c4e1700000,0x000000c4e1800000)]

Other Threads:
  0x000001e5328d3d30 VMThread "VM Thread" [stack: 0x000000c4df800000,0x000000c4df900000] [id=14872]
  0x000001e533343c60 WatcherThread [stack: 0x000000c4e0300000,0x000000c4e0400000] [id=1628]
  0x000001e517f0a870 GCTaskThread "GC Thread#0" [stack: 0x000000c4df300000,0x000000c4df400000] [id=9228]
  0x000001e533544800 GCTaskThread "GC Thread#1" [stack: 0x000000c4e0500000,0x000000c4e0600000] [id=11096]
  0x000001e5335421c0 GCTaskThread "GC Thread#2" [stack: 0x000000c4e0600000,0x000000c4e0700000] [id=14580]
  0x000001e5335431b0 GCTaskThread "GC Thread#3" [stack: 0x000000c4e0700000,0x000000c4e0800000] [id=9412]
  0x000001e517f0fa50 ConcurrentGCThread "G1 Main Marker" [stack: 0x000000c4df400000,0x000000c4df500000] [id=12276]
=>0x000001e517f10d70 ConcurrentGCThread "G1 Conc#0" [stack: 0x000000c4df500000,0x000000c4df600000] [id=13048]
  0x000001e517fbe060 ConcurrentGCThread "G1 Refine#0" [stack: 0x000000c4df600000,0x000000c4df700000] [id=14412]
  0x000001e533c7cc70 ConcurrentGCThread "G1 Refine#1" [stack: 0x000000c4e0800000,0x000000c4e0900000] [id=14624]
  0x000001e517fbeb70 ConcurrentGCThread "G1 Young RemSet Sampling" [stack: 0x000000c4df700000,0x000000c4df800000] [id=13868]

Threads with active compile tasks:

VM state: not at safepoint (normal execution)

VM Mutex/Monitor currently owned by a thread: None

Heap address: 0x00000000e0000000, size: 512 MB, Compressed Oops mode: 32-bit
CDS archive(s) mapped at: [0x0000000800000000-0x0000000800b50000-0x0000000800b50000), size 11862016, SharedBaseAddress: 0x0000000800000000, ArchiveRelocationMode: 0.
Compressed class space mapped at: 0x0000000800b50000-0x0000000810350000, size: 260046848
Narrow klass base: 0x0000000800000000, Narrow klass shift: 3, Narrow klass range: 0x100000000

GC Precious Log:
 CPUs: 4 total, 4 available
 Memory: 8117M
 Large Page Support: Disabled
 NUMA Support: Disabled
 Compressed Oops: Enabled (32-bit)
 Heap Region Size: 1M
 Heap Min Capacity: 256M
 Heap Initial Capacity: 256M
 Heap Max Capacity: 512M
 Pre-touch: Disabled
 Parallel Workers: 4
 Concurrent Workers: 1
 Concurrent Refinement Workers: 4
 Periodic GC: Disabled

Heap:
 garbage-first heap   total 262144K, used 26682K [0x00000000e0000000, 0x0000000100000000)
  region size 1024K, 18 young (18432K), 16 survivors (16384K)
 Metaspace       used 35458K, capacity 36016K, committed 36252K, reserved 286720K
  class space    used 4812K, capacity 5027K, committed 5120K, reserved 253952K

Heap Regions: E=young(eden), S=young(survivor), O=old, HS=humongous(starts), HC=humongous(continues), CS=collection set, F=free, OA=open archive, CA=closed archive, TAMS=top-at-mark-start (previous, next)
|   0|0x00000000e0000000, 0x00000000e0100000, 0x00000000e0100000|100%| O|  |TAMS 0x00000000e0100000, 0x00000000e0100000| Untracked 
|   1|0x00000000e0100000, 0x00000000e0200000, 0x00000000e0200000|100%| O|  |TAMS 0x00000000e0200000, 0x00000000e0200000| Untracked 
|   2|0x00000000e0200000, 0x00000000e0300000, 0x00000000e0300000|100%| O|  |TAMS 0x00000000e0300000, 0x00000000e0300000| Untracked 
|   3|0x00000000e0300000, 0x00000000e0400000, 0x00000000e0400000|100%|HS|  |TAMS 0x00000000e0400000, 0x00000000e0400000| Complete 
|   4|0x00000000e0400000, 0x00000000e0500000, 0x00000000e0500000|100%|HC|  |TAMS 0x00000000e0500000, 0x00000000e0500000| Complete 
|   5|0x00000000e0500000, 0x00000000e0600000, 0x00000000e0600000|100%|HC|  |TAMS 0x00000000e0600000, 0x00000000e0600000| Complete 
|   6|0x00000000e0600000, 0x00000000e0700000, 0x00000000e0700000|100%| O|  |TAMS 0x00000000e0700000, 0x00000000e0700000| Untracked 
|   7|0x00000000e0700000, 0x00000000e0800000, 0x00000000e0800000|100%| O|  |TAMS 0x00000000e0800000, 0x00000000e0800000| Untracked 
|   8|0x00000000e0800000, 0x00000000e0900000, 0x00000000e0900000|100%| O|  |TAMS 0x00000000e0900000, 0x00000000e0900000| Untracked 
|   9|0x00000000e0900000, 0x00000000e098bc00, 0x00000000e0a00000| 54%| O|  |TAMS 0x00000000e098bc00, 0x00000000e098bc00| Untracked 
|  10|0x00000000e0a00000, 0x00000000e0a00000, 0x00000000e0b00000|  0%| F|  |TAMS 0x00000000e0a00000, 0x00000000e0a00000| Untracked 
|  11|0x00000000e0b00000, 0x00000000e0b00000, 0x00000000e0c00000|  0%| F|  |TAMS 0x00000000e0b00000, 0x00000000e0b00000| Untracked 
|  12|0x00000000e0c00000, 0x00000000e0c00000, 0x00000000e0d00000|  0%| F|  |TAMS 0x00000000e0c00000, 0x00000000e0c00000| Untracked 
|  13|0x00000000e0d00000, 0x00000000e0d00000, 0x00000000e0e00000|  0%| F|  |TAMS 0x00000000e0d00000, 0x00000000e0d00000| Untracked 
|  14|0x00000000e0e00000, 0x00000000e0e00000, 0x00000000e0f00000|  0%| F|  |TAMS 0x00000000e0e00000, 0x00000000e0e00000| Untracked 
|  15|0x00000000e0f00000, 0x00000000e0f00000, 0x00000000e1000000|  0%| F|  |TAMS 0x00000000e0f00000, 0x00000000e0f00000| Untracked 
|  16|0x00000000e1000000, 0x00000000e1000000, 0x00000000e1100000|  0%| F|  |TAMS 0x00000000e1000000, 0x00000000e1000000| Untracked 
|  17|0x00000000e1100000, 0x00000000e1100000, 0x00000000e1200000|  0%| F|  |TAMS 0x00000000e1100000, 0x00000000e1100000| Untracked 
|  18|0x00000000e1200000, 0x00000000e1200000, 0x00000000e1300000|  0%| F|  |TAMS 0x00000000e1200000, 0x00000000e1200000| Untracked 
|  19|0x00000000e1300000, 0x00000000e1300000, 0x00000000e1400000|  0%| F|  |TAMS 0x00000000e1300000, 0x00000000e1300000| Untracked 
|  20|0x00000000e1400000, 0x00000000e1400000, 0x00000000e1500000|  0%| F|  |TAMS 0x00000000e1400000, 0x00000000e1400000| Untracked 
|  21|0x00000000e1500000, 0x00000000e1500000, 0x00000000e1600000|  0%| F|  |TAMS 0x00000000e1500000, 0x00000000e1500000| Untracked 
|  22|0x00000000e1600000, 0x00000000e1600000, 0x00000000e1700000|  0%| F|  |TAMS 0x00000000e1600000, 0x00000000e1600000| Untracked 
|  23|0x00000000e1700000, 0x00000000e1700000, 0x00000000e1800000|  0%| F|  |TAMS 0x00000000e1700000, 0x00000000e1700000| Untracked 
|  24|0x00000000e1800000, 0x00000000e1800000, 0x00000000e1900000|  0%| F|  |TAMS 0x00000000e1800000, 0x00000000e1800000| Untracked 
|  25|0x00000000e1900000, 0x00000000e1900000, 0x00000000e1a00000|  0%| F|  |TAMS 0x00000000e1900000, 0x00000000e1900000| Untracked 
|  26|0x00000000e1a00000, 0x00000000e1a00000, 0x00000000e1b00000|  0%| F|  |TAMS 0x00000000e1a00000, 0x00000000e1a00000| Untracked 
|  27|0x00000000e1b00000, 0x00000000e1b00000, 0x00000000e1c00000|  0%| F|  |TAMS 0x00000000e1b00000, 0x00000000e1b00000| Untracked 
|  28|0x00000000e1c00000, 0x00000000e1c00000, 0x00000000e1d00000|  0%| F|  |TAMS 0x00000000e1c00000, 0x00000000e1c00000| Untracked 
|  29|0x00000000e1d00000, 0x00000000e1d00000, 0x00000000e1e00000|  0%| F|  |TAMS 0x00000000e1d00000, 0x00000000e1d00000| Untracked 
|  30|0x00000000e1e00000, 0x00000000e1e00000, 0x00000000e1f00000|  0%| F|  |TAMS 0x00000000e1e00000, 0x00000000e1e00000| Untracked 
|  31|0x00000000e1f00000, 0x00000000e1f00000, 0x00000000e2000000|  0%| F|  |TAMS 0x00000000e1f00000, 0x00000000e1f00000| Untracked 
|  32|0x00000000e2000000, 0x00000000e2000000, 0x00000000e2100000|  0%| F|  |TAMS 0x00000000e2000000, 0x00000000e2000000| Untracked 
|  33|0x00000000e2100000, 0x00000000e2100000, 0x00000000e2200000|  0%| F|  |TAMS 0x00000000e2100000, 0x00000000e2100000| Untracked 
|  34|0x00000000e2200000, 0x00000000e2200000, 0x00000000e2300000|  0%| F|  |TAMS 0x00000000e2200000, 0x00000000e2200000| Untracked 
|  35|0x00000000e2300000, 0x00000000e2300000, 0x00000000e2400000|  0%| F|  |TAMS 0x00000000e2300000, 0x00000000e2300000| Untracked 
|  36|0x00000000e2400000, 0x00000000e2400000, 0x00000000e2500000|  0%| F|  |TAMS 0x00000000e2400000, 0x00000000e2400000| Untracked 
|  37|0x00000000e2500000, 0x00000000e2500000, 0x00000000e2600000|  0%| F|  |TAMS 0x00000000e2500000, 0x00000000e2500000| Untracked 
|  38|0x00000000e2600000, 0x00000000e2600000, 0x00000000e2700000|  0%| F|  |TAMS 0x00000000e2600000, 0x00000000e2600000| Untracked 
|  39|0x00000000e2700000, 0x00000000e2700000, 0x00000000e2800000|  0%| F|  |TAMS 0x00000000e2700000, 0x00000000e2700000| Untracked 
|  40|0x00000000e2800000, 0x00000000e2800000, 0x00000000e2900000|  0%| F|  |TAMS 0x00000000e2800000, 0x00000000e2800000| Untracked 
|  41|0x00000000e2900000, 0x00000000e2900000, 0x00000000e2a00000|  0%| F|  |TAMS 0x00000000e2900000, 0x00000000e2900000| Untracked 
|  42|0x00000000e2a00000, 0x00000000e2a00000, 0x00000000e2b00000|  0%| F|  |TAMS 0x00000000e2a00000, 0x00000000e2a00000| Untracked 
|  43|0x00000000e2b00000, 0x00000000e2b00000, 0x00000000e2c00000|  0%| F|  |TAMS 0x00000000e2b00000, 0x00000000e2b00000| Untracked 
|  44|0x00000000e2c00000, 0x00000000e2c00000, 0x00000000e2d00000|  0%| F|  |TAMS 0x00000000e2c00000, 0x00000000e2c00000| Untracked 
|  45|0x00000000e2d00000, 0x00000000e2d00000, 0x00000000e2e00000|  0%| F|  |TAMS 0x00000000e2d00000, 0x00000000e2d00000| Untracked 
|  46|0x00000000e2e00000, 0x00000000e2e00000, 0x00000000e2f00000|  0%| F|  |TAMS 0x00000000e2e00000, 0x00000000e2e00000| Untracked 
|  47|0x00000000e2f00000, 0x00000000e2f00000, 0x00000000e3000000|  0%| F|  |TAMS 0x00000000e2f00000, 0x00000000e2f00000| Untracked 
|  48|0x00000000e3000000, 0x00000000e3000000, 0x00000000e3100000|  0%| F|  |TAMS 0x00000000e3000000, 0x00000000e3000000| Untracked 
|  49|0x00000000e3100000, 0x00000000e3100000, 0x00000000e3200000|  0%| F|  |TAMS 0x00000000e3100000, 0x00000000e3100000| Untracked 
|  50|0x00000000e3200000, 0x00000000e3200000, 0x00000000e3300000|  0%| F|  |TAMS 0x00000000e3200000, 0x00000000e3200000| Untracked 
|  51|0x00000000e3300000, 0x00000000e3300000, 0x00000000e3400000|  0%| F|  |TAMS 0x00000000e3300000, 0x00000000e3300000| Untracked 
|  52|0x00000000e3400000, 0x00000000e3400000, 0x00000000e3500000|  0%| F|  |TAMS 0x00000000e3400000, 0x00000000e3400000| Untracked 
|  53|0x00000000e3500000, 0x00000000e3500000, 0x00000000e3600000|  0%| F|  |TAMS 0x00000000e3500000, 0x00000000e3500000| Untracked 
|  54|0x00000000e3600000, 0x00000000e3600000, 0x00000000e3700000|  0%| F|  |TAMS 0x00000000e3600000, 0x00000000e3600000| Untracked 
|  55|0x00000000e3700000, 0x00000000e3700000, 0x00000000e3800000|  0%| F|  |TAMS 0x00000000e3700000, 0x00000000e3700000| Untracked 
|  56|0x00000000e3800000, 0x00000000e3800000, 0x00000000e3900000|  0%| F|  |TAMS 0x00000000e3800000, 0x00000000e3800000| Untracked 
|  57|0x00000000e3900000, 0x00000000e3900000, 0x00000000e3a00000|  0%| F|  |TAMS 0x00000000e3900000, 0x00000000e3900000| Untracked 
|  58|0x00000000e3a00000, 0x00000000e3a00000, 0x00000000e3b00000|  0%| F|  |TAMS 0x00000000e3a00000, 0x00000000e3a00000| Untracked 
|  59|0x00000000e3b00000, 0x00000000e3b00000, 0x00000000e3c00000|  0%| F|  |TAMS 0x00000000e3b00000, 0x00000000e3b00000| Untracked 
|  60|0x00000000e3c00000, 0x00000000e3c00000, 0x00000000e3d00000|  0%| F|  |TAMS 0x00000000e3c00000, 0x00000000e3c00000| Untracked 
|  61|0x00000000e3d00000, 0x00000000e3d00000, 0x00000000e3e00000|  0%| F|  |TAMS 0x00000000e3d00000, 0x00000000e3d00000| Untracked 
|  62|0x00000000e3e00000, 0x00000000e3e00000, 0x00000000e3f00000|  0%| F|  |TAMS 0x00000000e3e00000, 0x00000000e3e00000| Untracked 
|  63|0x00000000e3f00000, 0x00000000e3f00000, 0x00000000e4000000|  0%| F|  |TAMS 0x00000000e3f00000, 0x00000000e3f00000| Untracked 
|  64|0x00000000e4000000, 0x00000000e4000000, 0x00000000e4100000|  0%| F|  |TAMS 0x00000000e4000000, 0x00000000e4000000| Untracked 
|  65|0x00000000e4100000, 0x00000000e4100000, 0x00000000e4200000|  0%| F|  |TAMS 0x00000000e4100000, 0x00000000e4100000| Untracked 
|  66|0x00000000e4200000, 0x00000000e4200000, 0x00000000e4300000|  0%| F|  |TAMS 0x00000000e4200000, 0x00000000e4200000| Untracked 
|  67|0x00000000e4300000, 0x00000000e4300000, 0x00000000e4400000|  0%| F|  |TAMS 0x00000000e4300000, 0x00000000e4300000| Untracked 
|  68|0x00000000e4400000, 0x00000000e4400000, 0x00000000e4500000|  0%| F|  |TAMS 0x00000000e4400000, 0x00000000e4400000| Untracked 
|  69|0x00000000e4500000, 0x00000000e4500000, 0x00000000e4600000|  0%| F|  |TAMS 0x00000000e4500000, 0x00000000e4500000| Untracked 
|  70|0x00000000e4600000, 0x00000000e4600000, 0x00000000e4700000|  0%| F|  |TAMS 0x00000000e4600000, 0x00000000e4600000| Untracked 
|  71|0x00000000e4700000, 0x00000000e4700000, 0x00000000e4800000|  0%| F|  |TAMS 0x00000000e4700000, 0x00000000e4700000| Untracked 
|  72|0x00000000e4800000, 0x00000000e4800000, 0x00000000e4900000|  0%| F|  |TAMS 0x00000000e4800000, 0x00000000e4800000| Untracked 
|  73|0x00000000e4900000, 0x00000000e4900000, 0x00000000e4a00000|  0%| F|  |TAMS 0x00000000e4900000, 0x00000000e4900000| Untracked 
|  74|0x00000000e4a00000, 0x00000000e4a00000, 0x00000000e4b00000|  0%| F|  |TAMS 0x00000000e4a00000, 0x00000000e4a00000| Untracked 
|  75|0x00000000e4b00000, 0x00000000e4b00000, 0x00000000e4c00000|  0%| F|  |TAMS 0x00000000e4b00000, 0x00000000e4b00000| Untracked 
|  76|0x00000000e4c00000, 0x00000000e4c00000, 0x00000000e4d00000|  0%| F|  |TAMS 0x00000000e4c00000, 0x00000000e4c00000| Untracked 
|  77|0x00000000e4d00000, 0x00000000e4d00000, 0x00000000e4e00000|  0%| F|  |TAMS 0x00000000e4d00000, 0x00000000e4d00000| Untracked 
|  78|0x00000000e4e00000, 0x00000000e4e00000, 0x00000000e4f00000|  0%| F|  |TAMS 0x00000000e4e00000, 0x00000000e4e00000| Untracked 
|  79|0x00000000e4f00000, 0x00000000e4f00000, 0x00000000e5000000|  0%| F|  |TAMS 0x00000000e4f00000, 0x00000000e4f00000| Untracked 
|  80|0x00000000e5000000, 0x00000000e5000000, 0x00000000e5100000|  0%| F|  |TAMS 0x00000000e5000000, 0x00000000e5000000| Untracked 
|  81|0x00000000e5100000, 0x00000000e5100000, 0x00000000e5200000|  0%| F|  |TAMS 0x00000000e5100000, 0x00000000e5100000| Untracked 
|  82|0x00000000e5200000, 0x00000000e5200000, 0x00000000e5300000|  0%| F|  |TAMS 0x00000000e5200000, 0x00000000e5200000| Untracked 
|  83|0x00000000e5300000, 0x00000000e5300000, 0x00000000e5400000|  0%| F|  |TAMS 0x00000000e5300000, 0x00000000e5300000| Untracked 
|  84|0x00000000e5400000, 0x00000000e5400000, 0x00000000e5500000|  0%| F|  |TAMS 0x00000000e5400000, 0x00000000e5400000| Untracked 
|  85|0x00000000e5500000, 0x00000000e5500000, 0x00000000e5600000|  0%| F|  |TAMS 0x00000000e5500000, 0x00000000e5500000| Untracked 
|  86|0x00000000e5600000, 0x00000000e5600000, 0x00000000e5700000|  0%| F|  |TAMS 0x00000000e5600000, 0x00000000e5600000| Untracked 
|  87|0x00000000e5700000, 0x00000000e5700000, 0x00000000e5800000|  0%| F|  |TAMS 0x00000000e5700000, 0x00000000e5700000| Untracked 
|  88|0x00000000e5800000, 0x00000000e5800000, 0x00000000e5900000|  0%| F|  |TAMS 0x00000000e5800000, 0x00000000e5800000| Untracked 
|  89|0x00000000e5900000, 0x00000000e5900000, 0x00000000e5a00000|  0%| F|  |TAMS 0x00000000e5900000, 0x00000000e5900000| Untracked 
|  90|0x00000000e5a00000, 0x00000000e5a00000, 0x00000000e5b00000|  0%| F|  |TAMS 0x00000000e5a00000, 0x00000000e5a00000| Untracked 
|  91|0x00000000e5b00000, 0x00000000e5b00000, 0x00000000e5c00000|  0%| F|  |TAMS 0x00000000e5b00000, 0x00000000e5b00000| Untracked 
|  92|0x00000000e5c00000, 0x00000000e5c00000, 0x00000000e5d00000|  0%| F|  |TAMS 0x00000000e5c00000, 0x00000000e5c00000| Untracked 
|  93|0x00000000e5d00000, 0x00000000e5d00000, 0x00000000e5e00000|  0%| F|  |TAMS 0x00000000e5d00000, 0x00000000e5d00000| Untracked 
|  94|0x00000000e5e00000, 0x00000000e5e00000, 0x00000000e5f00000|  0%| F|  |TAMS 0x00000000e5e00000, 0x00000000e5e00000| Untracked 
|  95|0x00000000e5f00000, 0x00000000e5f00000, 0x00000000e6000000|  0%| F|  |TAMS 0x00000000e5f00000, 0x00000000e5f00000| Untracked 
|  96|0x00000000e6000000, 0x00000000e6000000, 0x00000000e6100000|  0%| F|  |TAMS 0x00000000e6000000, 0x00000000e6000000| Untracked 
|  97|0x00000000e6100000, 0x00000000e6100000, 0x00000000e6200000|  0%| F|  |TAMS 0x00000000e6100000, 0x00000000e6100000| Untracked 
|  98|0x00000000e6200000, 0x00000000e6200000, 0x00000000e6300000|  0%| F|  |TAMS 0x00000000e6200000, 0x00000000e6200000| Untracked 
|  99|0x00000000e6300000, 0x00000000e6300000, 0x00000000e6400000|  0%| F|  |TAMS 0x00000000e6300000, 0x00000000e6300000| Untracked 
| 100|0x00000000e6400000, 0x00000000e6400000, 0x00000000e6500000|  0%| F|  |TAMS 0x00000000e6400000, 0x00000000e6400000| Untracked 
| 101|0x00000000e6500000, 0x00000000e6500000, 0x00000000e6600000|  0%| F|  |TAMS 0x00000000e6500000, 0x00000000e6500000| Untracked 
| 102|0x00000000e6600000, 0x00000000e6600000, 0x00000000e6700000|  0%| F|  |TAMS 0x00000000e6600000, 0x00000000e6600000| Untracked 
| 103|0x00000000e6700000, 0x00000000e6700000, 0x00000000e6800000|  0%| F|  |TAMS 0x00000000e6700000, 0x00000000e6700000| Untracked 
| 104|0x00000000e6800000, 0x00000000e6800000, 0x00000000e6900000|  0%| F|  |TAMS 0x00000000e6800000, 0x00000000e6800000| Untracked 
| 105|0x00000000e6900000, 0x00000000e6900000, 0x00000000e6a00000|  0%| F|  |TAMS 0x00000000e6900000, 0x00000000e6900000| Untracked 
| 106|0x00000000e6a00000, 0x00000000e6a00000, 0x00000000e6b00000|  0%| F|  |TAMS 0x00000000e6a00000, 0x00000000e6a00000| Untracked 
| 107|0x00000000e6b00000, 0x00000000e6b00000, 0x00000000e6c00000|  0%| F|  |TAMS 0x00000000e6b00000, 0x00000000e6b00000| Untracked 
| 108|0x00000000e6c00000, 0x00000000e6c00000, 0x00000000e6d00000|  0%| F|  |TAMS 0x00000000e6c00000, 0x00000000e6c00000| Untracked 
| 109|0x00000000e6d00000, 0x00000000e6d00000, 0x00000000e6e00000|  0%| F|  |TAMS 0x00000000e6d00000, 0x00000000e6d00000| Untracked 
| 110|0x00000000e6e00000, 0x00000000e6e00000, 0x00000000e6f00000|  0%| F|  |TAMS 0x00000000e6e00000, 0x00000000e6e00000| Untracked 
| 111|0x00000000e6f00000, 0x00000000e6f00000, 0x00000000e7000000|  0%| F|  |TAMS 0x00000000e6f00000, 0x00000000e6f00000| Untracked 
| 112|0x00000000e7000000, 0x00000000e7000000, 0x00000000e7100000|  0%| F|  |TAMS 0x00000000e7000000, 0x00000000e7000000| Untracked 
| 113|0x00000000e7100000, 0x00000000e7100000, 0x00000000e7200000|  0%| F|  |TAMS 0x00000000e7100000, 0x00000000e7100000| Untracked 
| 114|0x00000000e7200000, 0x00000000e7200000, 0x00000000e7300000|  0%| F|  |TAMS 0x00000000e7200000, 0x00000000e7200000| Untracked 
| 115|0x00000000e7300000, 0x00000000e7300000, 0x00000000e7400000|  0%| F|  |TAMS 0x00000000e7300000, 0x00000000e7300000| Untracked 
| 116|0x00000000e7400000, 0x00000000e7400000, 0x00000000e7500000|  0%| F|  |TAMS 0x00000000e7400000, 0x00000000e7400000| Untracked 
| 117|0x00000000e7500000, 0x00000000e7500000, 0x00000000e7600000|  0%| F|  |TAMS 0x00000000e7500000, 0x00000000e7500000| Untracked 
| 118|0x00000000e7600000, 0x00000000e7600000, 0x00000000e7700000|  0%| F|  |TAMS 0x00000000e7600000, 0x00000000e7600000| Untracked 
| 119|0x00000000e7700000, 0x00000000e7700000, 0x00000000e7800000|  0%| F|  |TAMS 0x00000000e7700000, 0x00000000e7700000| Untracked 
| 120|0x00000000e7800000, 0x00000000e7800000, 0x00000000e7900000|  0%| F|  |TAMS 0x00000000e7800000, 0x00000000e7800000| Untracked 
| 121|0x00000000e7900000, 0x00000000e7900000, 0x00000000e7a00000|  0%| F|  |TAMS 0x00000000e7900000, 0x00000000e7900000| Untracked 
| 122|0x00000000e7a00000, 0x00000000e7a00000, 0x00000000e7b00000|  0%| F|  |TAMS 0x00000000e7a00000, 0x00000000e7a00000| Untracked 
| 123|0x00000000e7b00000, 0x00000000e7b00000, 0x00000000e7c00000|  0%| F|  |TAMS 0x00000000e7b00000, 0x00000000e7b00000| Untracked 
| 124|0x00000000e7c00000, 0x00000000e7c00000, 0x00000000e7d00000|  0%| F|  |TAMS 0x00000000e7c00000, 0x00000000e7c00000| Untracked 
| 125|0x00000000e7d00000, 0x00000000e7d00000, 0x00000000e7e00000|  0%| F|  |TAMS 0x00000000e7d00000, 0x00000000e7d00000| Untracked 
| 126|0x00000000e7e00000, 0x00000000e7e00000, 0x00000000e7f00000|  0%| F|  |TAMS 0x00000000e7e00000, 0x00000000e7e00000| Untracked 
| 127|0x00000000e7f00000, 0x00000000e7f00000, 0x00000000e8000000|  0%| F|  |TAMS 0x00000000e7f00000, 0x00000000e7f00000| Untracked 
| 128|0x00000000e8000000, 0x00000000e8000000, 0x00000000e8100000|  0%| F|  |TAMS 0x00000000e8000000, 0x00000000e8000000| Untracked 
| 129|0x00000000e8100000, 0x00000000e8100000, 0x00000000e8200000|  0%| F|  |TAMS 0x00000000e8100000, 0x00000000e8100000| Untracked 
| 130|0x00000000e8200000, 0x00000000e8200000, 0x00000000e8300000|  0%| F|  |TAMS 0x00000000e8200000, 0x00000000e8200000| Untracked 
| 131|0x00000000e8300000, 0x00000000e8300000, 0x00000000e8400000|  0%| F|  |TAMS 0x00000000e8300000, 0x00000000e8300000| Untracked 
| 132|0x00000000e8400000, 0x00000000e8400000, 0x00000000e8500000|  0%| F|  |TAMS 0x00000000e8400000, 0x00000000e8400000| Untracked 
| 133|0x00000000e8500000, 0x00000000e8500000, 0x00000000e8600000|  0%| F|  |TAMS 0x00000000e8500000, 0x00000000e8500000| Untracked 
| 134|0x00000000e8600000, 0x00000000e8600000, 0x00000000e8700000|  0%| F|  |TAMS 0x00000000e8600000, 0x00000000e8600000| Untracked 
| 135|0x00000000e8700000, 0x00000000e8700000, 0x00000000e8800000|  0%| F|  |TAMS 0x00000000e8700000, 0x00000000e8700000| Untracked 
| 136|0x00000000e8800000, 0x00000000e8800000, 0x00000000e8900000|  0%| F|  |TAMS 0x00000000e8800000, 0x00000000e8800000| Untracked 
| 137|0x00000000e8900000, 0x00000000e8900000, 0x00000000e8a00000|  0%| F|  |TAMS 0x00000000e8900000, 0x00000000e8900000| Untracked 
| 138|0x00000000e8a00000, 0x00000000e8a00000, 0x00000000e8b00000|  0%| F|  |TAMS 0x00000000e8a00000, 0x00000000e8a00000| Untracked 
| 139|0x00000000e8b00000, 0x00000000e8b00000, 0x00000000e8c00000|  0%| F|  |TAMS 0x00000000e8b00000, 0x00000000e8b00000| Untracked 
| 140|0x00000000e8c00000, 0x00000000e8c00000, 0x00000000e8d00000|  0%| F|  |TAMS 0x00000000e8c00000, 0x00000000e8c00000| Untracked 
| 141|0x00000000e8d00000, 0x00000000e8d00000, 0x00000000e8e00000|  0%| F|  |TAMS 0x00000000e8d00000, 0x00000000e8d00000| Untracked 
| 142|0x00000000e8e00000, 0x00000000e8e00000, 0x00000000e8f00000|  0%| F|  |TAMS 0x00000000e8e00000, 0x00000000e8e00000| Untracked 
| 143|0x00000000e8f00000, 0x00000000e8f00000, 0x00000000e9000000|  0%| F|  |TAMS 0x00000000e8f00000, 0x00000000e8f00000| Untracked 
| 144|0x00000000e9000000, 0x00000000e9000000, 0x00000000e9100000|  0%| F|  |TAMS 0x00000000e9000000, 0x00000000e9000000| Untracked 
| 145|0x00000000e9100000, 0x00000000e9100000, 0x00000000e9200000|  0%| F|  |TAMS 0x00000000e9100000, 0x00000000e9100000| Untracked 
| 146|0x00000000e9200000, 0x00000000e9200000, 0x00000000e9300000|  0%| F|  |TAMS 0x00000000e9200000, 0x00000000e9200000| Untracked 
| 147|0x00000000e9300000, 0x00000000e9382d30, 0x00000000e9400000| 51%| S|CS|TAMS 0x00000000e9300000, 0x00000000e9300000| Complete 
| 148|0x00000000e9400000, 0x00000000e9500000, 0x00000000e9500000|100%| S|CS|TAMS 0x00000000e9400000, 0x00000000e9400000| Complete 
| 149|0x00000000e9500000, 0x00000000e9600000, 0x00000000e9600000|100%| S|CS|TAMS 0x00000000e9500000, 0x00000000e9500000| Complete 
| 150|0x00000000e9600000, 0x00000000e9700000, 0x00000000e9700000|100%| S|CS|TAMS 0x00000000e9600000, 0x00000000e9600000| Complete 
| 151|0x00000000e9700000, 0x00000000e9800000, 0x00000000e9800000|100%| S|CS|TAMS 0x00000000e9700000, 0x00000000e9700000| Complete 
| 152|0x00000000e9800000, 0x00000000e9900000, 0x00000000e9900000|100%| S|CS|TAMS 0x00000000e9800000, 0x00000000e9800000| Complete 
| 153|0x00000000e9900000, 0x00000000e9a00000, 0x00000000e9a00000|100%| S|CS|TAMS 0x00000000e9900000, 0x00000000e9900000| Complete 
| 154|0x00000000e9a00000, 0x00000000e9b00000, 0x00000000e9b00000|100%| S|CS|TAMS 0x00000000e9a00000, 0x00000000e9a00000| Complete 
| 155|0x00000000e9b00000, 0x00000000e9c00000, 0x00000000e9c00000|100%| S|CS|TAMS 0x00000000e9b00000, 0x00000000e9b00000| Complete 
| 156|0x00000000e9c00000, 0x00000000e9d00000, 0x00000000e9d00000|100%| S|CS|TAMS 0x00000000e9c00000, 0x00000000e9c00000| Complete 
| 157|0x00000000e9d00000, 0x00000000e9e00000, 0x00000000e9e00000|100%| S|CS|TAMS 0x00000000e9d00000, 0x00000000e9d00000| Complete 
| 158|0x00000000e9e00000, 0x00000000e9f00000, 0x00000000e9f00000|100%| S|CS|TAMS 0x00000000e9e00000, 0x00000000e9e00000| Complete 
| 159|0x00000000e9f00000, 0x00000000ea000000, 0x00000000ea000000|100%| S|CS|TAMS 0x00000000e9f00000, 0x00000000e9f00000| Complete 
| 160|0x00000000ea000000, 0x00000000ea100000, 0x00000000ea100000|100%| S|CS|TAMS 0x00000000ea000000, 0x00000000ea000000| Complete 
| 161|0x00000000ea100000, 0x00000000ea200000, 0x00000000ea200000|100%| S|CS|TAMS 0x00000000ea100000, 0x00000000ea100000| Complete 
| 162|0x00000000ea200000, 0x00000000ea300000, 0x00000000ea300000|100%| S|CS|TAMS 0x00000000ea200000, 0x00000000ea200000| Complete 
| 163|0x00000000ea300000, 0x00000000ea300000, 0x00000000ea400000|  0%| F|  |TAMS 0x00000000ea300000, 0x00000000ea300000| Untracked 
| 164|0x00000000ea400000, 0x00000000ea400000, 0x00000000ea500000|  0%| F|  |TAMS 0x00000000ea400000, 0x00000000ea400000| Untracked 
| 165|0x00000000ea500000, 0x00000000ea500000, 0x00000000ea600000|  0%| F|  |TAMS 0x00000000ea500000, 0x00000000ea500000| Untracked 
| 166|0x00000000ea600000, 0x00000000ea600000, 0x00000000ea700000|  0%| F|  |TAMS 0x00000000ea600000, 0x00000000ea600000| Untracked 
| 167|0x00000000ea700000, 0x00000000ea700000, 0x00000000ea800000|  0%| F|  |TAMS 0x00000000ea700000, 0x00000000ea700000| Untracked 
| 168|0x00000000ea800000, 0x00000000ea800000, 0x00000000ea900000|  0%| F|  |TAMS 0x00000000ea800000, 0x00000000ea800000| Untracked 
| 169|0x00000000ea900000, 0x00000000ea900000, 0x00000000eaa00000|  0%| F|  |TAMS 0x00000000ea900000, 0x00000000ea900000| Untracked 
| 170|0x00000000eaa00000, 0x00000000eaa00000, 0x00000000eab00000|  0%| F|  |TAMS 0x00000000eaa00000, 0x00000000eaa00000| Untracked 
| 171|0x00000000eab00000, 0x00000000eab00000, 0x00000000eac00000|  0%| F|  |TAMS 0x00000000eab00000, 0x00000000eab00000| Untracked 
| 172|0x00000000eac00000, 0x00000000eac00000, 0x00000000ead00000|  0%| F|  |TAMS 0x00000000eac00000, 0x00000000eac00000| Untracked 
| 173|0x00000000ead00000, 0x00000000ead00000, 0x00000000eae00000|  0%| F|  |TAMS 0x00000000ead00000, 0x00000000ead00000| Untracked 
| 174|0x00000000eae00000, 0x00000000eae00000, 0x00000000eaf00000|  0%| F|  |TAMS 0x00000000eae00000, 0x00000000eae00000| Untracked 
| 175|0x00000000eaf00000, 0x00000000eaf00000, 0x00000000eb000000|  0%| F|  |TAMS 0x00000000eaf00000, 0x00000000eaf00000| Untracked 
| 176|0x00000000eb000000, 0x00000000eb000000, 0x00000000eb100000|  0%| F|  |TAMS 0x00000000eb000000, 0x00000000eb000000| Untracked 
| 177|0x00000000eb100000, 0x00000000eb100000, 0x00000000eb200000|  0%| F|  |TAMS 0x00000000eb100000, 0x00000000eb100000| Untracked 
| 178|0x00000000eb200000, 0x00000000eb200000, 0x00000000eb300000|  0%| F|  |TAMS 0x00000000eb200000, 0x00000000eb200000| Untracked 
| 179|0x00000000eb300000, 0x00000000eb300000, 0x00000000eb400000|  0%| F|  |TAMS 0x00000000eb300000, 0x00000000eb300000| Untracked 
| 180|0x00000000eb400000, 0x00000000eb400000, 0x00000000eb500000|  0%| F|  |TAMS 0x00000000eb400000, 0x00000000eb400000| Untracked 
| 181|0x00000000eb500000, 0x00000000eb500000, 0x00000000eb600000|  0%| F|  |TAMS 0x00000000eb500000, 0x00000000eb500000| Untracked 
| 182|0x00000000eb600000, 0x00000000eb600000, 0x00000000eb700000|  0%| F|  |TAMS 0x00000000eb600000, 0x00000000eb600000| Untracked 
| 183|0x00000000eb700000, 0x00000000eb700000, 0x00000000eb800000|  0%| F|  |TAMS 0x00000000eb700000, 0x00000000eb700000| Untracked 
| 184|0x00000000eb800000, 0x00000000eb800000, 0x00000000eb900000|  0%| F|  |TAMS 0x00000000eb800000, 0x00000000eb800000| Untracked 
| 185|0x00000000eb900000, 0x00000000eb900000, 0x00000000eba00000|  0%| F|  |TAMS 0x00000000eb900000, 0x00000000eb900000| Untracked 
| 186|0x00000000eba00000, 0x00000000eba00000, 0x00000000ebb00000|  0%| F|  |TAMS 0x00000000eba00000, 0x00000000eba00000| Untracked 
| 187|0x00000000ebb00000, 0x00000000ebb00000, 0x00000000ebc00000|  0%| F|  |TAMS 0x00000000ebb00000, 0x00000000ebb00000| Untracked 
| 188|0x00000000ebc00000, 0x00000000ebc00000, 0x00000000ebd00000|  0%| F|  |TAMS 0x00000000ebc00000, 0x00000000ebc00000| Untracked 
| 189|0x00000000ebd00000, 0x00000000ebd00000, 0x00000000ebe00000|  0%| F|  |TAMS 0x00000000ebd00000, 0x00000000ebd00000| Untracked 
| 190|0x00000000ebe00000, 0x00000000ebe00000, 0x00000000ebf00000|  0%| F|  |TAMS 0x00000000ebe00000, 0x00000000ebe00000| Untracked 
| 191|0x00000000ebf00000, 0x00000000ebf00000, 0x00000000ec000000|  0%| F|  |TAMS 0x00000000ebf00000, 0x00000000ebf00000| Untracked 
| 192|0x00000000ec000000, 0x00000000ec000000, 0x00000000ec100000|  0%| F|  |TAMS 0x00000000ec000000, 0x00000000ec000000| Untracked 
| 193|0x00000000ec100000, 0x00000000ec100000, 0x00000000ec200000|  0%| F|  |TAMS 0x00000000ec100000, 0x00000000ec100000| Untracked 
| 194|0x00000000ec200000, 0x00000000ec200000, 0x00000000ec300000|  0%| F|  |TAMS 0x00000000ec200000, 0x00000000ec200000| Untracked 
| 195|0x00000000ec300000, 0x00000000ec300000, 0x00000000ec400000|  0%| F|  |TAMS 0x00000000ec300000, 0x00000000ec300000| Untracked 
| 196|0x00000000ec400000, 0x00000000ec400000, 0x00000000ec500000|  0%| F|  |TAMS 0x00000000ec400000, 0x00000000ec400000| Untracked 
| 197|0x00000000ec500000, 0x00000000ec500000, 0x00000000ec600000|  0%| F|  |TAMS 0x00000000ec500000, 0x00000000ec500000| Untracked 
| 198|0x00000000ec600000, 0x00000000ec600000, 0x00000000ec700000|  0%| F|  |TAMS 0x00000000ec600000, 0x00000000ec600000| Untracked 
| 199|0x00000000ec700000, 0x00000000ec700000, 0x00000000ec800000|  0%| F|  |TAMS 0x00000000ec700000, 0x00000000ec700000| Untracked 
| 200|0x00000000ec800000, 0x00000000ec800000, 0x00000000ec900000|  0%| F|  |TAMS 0x00000000ec800000, 0x00000000ec800000| Untracked 
| 201|0x00000000ec900000, 0x00000000ec900000, 0x00000000eca00000|  0%| F|  |TAMS 0x00000000ec900000, 0x00000000ec900000| Untracked 
| 202|0x00000000eca00000, 0x00000000eca00000, 0x00000000ecb00000|  0%| F|  |TAMS 0x00000000eca00000, 0x00000000eca00000| Untracked 
| 203|0x00000000ecb00000, 0x00000000ecb00000, 0x00000000ecc00000|  0%| F|  |TAMS 0x00000000ecb00000, 0x00000000ecb00000| Untracked 
| 204|0x00000000ecc00000, 0x00000000ecc00000, 0x00000000ecd00000|  0%| F|  |TAMS 0x00000000ecc00000, 0x00000000ecc00000| Untracked 
| 205|0x00000000ecd00000, 0x00000000ecd00000, 0x00000000ece00000|  0%| F|  |TAMS 0x00000000ecd00000, 0x00000000ecd00000| Untracked 
| 206|0x00000000ece00000, 0x00000000ece00000, 0x00000000ecf00000|  0%| F|  |TAMS 0x00000000ece00000, 0x00000000ece00000| Untracked 
| 207|0x00000000ecf00000, 0x00000000ecf00000, 0x00000000ed000000|  0%| F|  |TAMS 0x00000000ecf00000, 0x00000000ecf00000| Untracked 
| 208|0x00000000ed000000, 0x00000000ed000000, 0x00000000ed100000|  0%| F|  |TAMS 0x00000000ed000000, 0x00000000ed000000| Untracked 
| 209|0x00000000ed100000, 0x00000000ed100000, 0x00000000ed200000|  0%| F|  |TAMS 0x00000000ed100000, 0x00000000ed100000| Untracked 
| 210|0x00000000ed200000, 0x00000000ed200000, 0x00000000ed300000|  0%| F|  |TAMS 0x00000000ed200000, 0x00000000ed200000| Untracked 
| 211|0x00000000ed300000, 0x00000000ed300000, 0x00000000ed400000|  0%| F|  |TAMS 0x00000000ed300000, 0x00000000ed300000| Untracked 
| 212|0x00000000ed400000, 0x00000000ed400000, 0x00000000ed500000|  0%| F|  |TAMS 0x00000000ed400000, 0x00000000ed400000| Untracked 
| 213|0x00000000ed500000, 0x00000000ed500000, 0x00000000ed600000|  0%| F|  |TAMS 0x00000000ed500000, 0x00000000ed500000| Untracked 
| 214|0x00000000ed600000, 0x00000000ed600000, 0x00000000ed700000|  0%| F|  |TAMS 0x00000000ed600000, 0x00000000ed600000| Untracked 
| 215|0x00000000ed700000, 0x00000000ed700000, 0x00000000ed800000|  0%| F|  |TAMS 0x00000000ed700000, 0x00000000ed700000| Untracked 
| 216|0x00000000ed800000, 0x00000000ed800000, 0x00000000ed900000|  0%| F|  |TAMS 0x00000000ed800000, 0x00000000ed800000| Untracked 
| 217|0x00000000ed900000, 0x00000000ed900000, 0x00000000eda00000|  0%| F|  |TAMS 0x00000000ed900000, 0x00000000ed900000| Untracked 
| 218|0x00000000eda00000, 0x00000000eda00000, 0x00000000edb00000|  0%| F|  |TAMS 0x00000000eda00000, 0x00000000eda00000| Untracked 
| 219|0x00000000edb00000, 0x00000000edb00000, 0x00000000edc00000|  0%| F|  |TAMS 0x00000000edb00000, 0x00000000edb00000| Untracked 
| 220|0x00000000edc00000, 0x00000000edc00000, 0x00000000edd00000|  0%| F|  |TAMS 0x00000000edc00000, 0x00000000edc00000| Untracked 
| 221|0x00000000edd00000, 0x00000000edd00000, 0x00000000ede00000|  0%| F|  |TAMS 0x00000000edd00000, 0x00000000edd00000| Untracked 
| 222|0x00000000ede00000, 0x00000000ede00000, 0x00000000edf00000|  0%| F|  |TAMS 0x00000000ede00000, 0x00000000ede00000| Untracked 
| 223|0x00000000edf00000, 0x00000000edf00000, 0x00000000ee000000|  0%| F|  |TAMS 0x00000000edf00000, 0x00000000edf00000| Untracked 
| 224|0x00000000ee000000, 0x00000000ee000000, 0x00000000ee100000|  0%| F|  |TAMS 0x00000000ee000000, 0x00000000ee000000| Untracked 
| 225|0x00000000ee100000, 0x00000000ee100000, 0x00000000ee200000|  0%| F|  |TAMS 0x00000000ee100000, 0x00000000ee100000| Untracked 
| 226|0x00000000ee200000, 0x00000000ee200000, 0x00000000ee300000|  0%| F|  |TAMS 0x00000000ee200000, 0x00000000ee200000| Untracked 
| 227|0x00000000ee300000, 0x00000000ee300000, 0x00000000ee400000|  0%| F|  |TAMS 0x00000000ee300000, 0x00000000ee300000| Untracked 
| 228|0x00000000ee400000, 0x00000000ee400000, 0x00000000ee500000|  0%| F|  |TAMS 0x00000000ee400000, 0x00000000ee400000| Untracked 
| 229|0x00000000ee500000, 0x00000000ee500000, 0x00000000ee600000|  0%| F|  |TAMS 0x00000000ee500000, 0x00000000ee500000| Untracked 
| 230|0x00000000ee600000, 0x00000000ee600000, 0x00000000ee700000|  0%| F|  |TAMS 0x00000000ee600000, 0x00000000ee600000| Untracked 
| 231|0x00000000ee700000, 0x00000000ee700000, 0x00000000ee800000|  0%| F|  |TAMS 0x00000000ee700000, 0x00000000ee700000| Untracked 
| 232|0x00000000ee800000, 0x00000000ee800000, 0x00000000ee900000|  0%| F|  |TAMS 0x00000000ee800000, 0x00000000ee800000| Untracked 
| 233|0x00000000ee900000, 0x00000000ee900000, 0x00000000eea00000|  0%| F|  |TAMS 0x00000000ee900000, 0x00000000ee900000| Untracked 
| 234|0x00000000eea00000, 0x00000000eea00000, 0x00000000eeb00000|  0%| F|  |TAMS 0x00000000eea00000, 0x00000000eea00000| Untracked 
| 235|0x00000000eeb00000, 0x00000000eeb00000, 0x00000000eec00000|  0%| F|  |TAMS 0x00000000eeb00000, 0x00000000eeb00000| Untracked 
| 236|0x00000000eec00000, 0x00000000eec00000, 0x00000000eed00000|  0%| F|  |TAMS 0x00000000eec00000, 0x00000000eec00000| Untracked 
| 237|0x00000000eed00000, 0x00000000eed00000, 0x00000000eee00000|  0%| F|  |TAMS 0x00000000eed00000, 0x00000000eed00000| Untracked 
| 238|0x00000000eee00000, 0x00000000eee00000, 0x00000000eef00000|  0%| F|  |TAMS 0x00000000eee00000, 0x00000000eee00000| Untracked 
| 239|0x00000000eef00000, 0x00000000eef00000, 0x00000000ef000000|  0%| F|  |TAMS 0x00000000eef00000, 0x00000000eef00000| Untracked 
| 240|0x00000000ef000000, 0x00000000ef000000, 0x00000000ef100000|  0%| F|  |TAMS 0x00000000ef000000, 0x00000000ef000000| Untracked 
| 241|0x00000000ef100000, 0x00000000ef100000, 0x00000000ef200000|  0%| F|  |TAMS 0x00000000ef100000, 0x00000000ef100000| Untracked 
| 242|0x00000000ef200000, 0x00000000ef200000, 0x00000000ef300000|  0%| F|  |TAMS 0x00000000ef200000, 0x00000000ef200000| Untracked 
| 243|0x00000000ef300000, 0x00000000ef300000, 0x00000000ef400000|  0%| F|  |TAMS 0x00000000ef300000, 0x00000000ef300000| Untracked 
| 244|0x00000000ef400000, 0x00000000ef400000, 0x00000000ef500000|  0%| F|  |TAMS 0x00000000ef400000, 0x00000000ef400000| Untracked 
| 245|0x00000000ef500000, 0x00000000ef500000, 0x00000000ef600000|  0%| F|  |TAMS 0x00000000ef500000, 0x00000000ef500000| Untracked 
| 246|0x00000000ef600000, 0x00000000ef600000, 0x00000000ef700000|  0%| F|  |TAMS 0x00000000ef600000, 0x00000000ef600000| Untracked 
| 247|0x00000000ef700000, 0x00000000ef700000, 0x00000000ef800000|  0%| F|  |TAMS 0x00000000ef700000, 0x00000000ef700000| Untracked 
| 248|0x00000000ef800000, 0x00000000ef800000, 0x00000000ef900000|  0%| F|  |TAMS 0x00000000ef800000, 0x00000000ef800000| Untracked 
| 249|0x00000000ef900000, 0x00000000ef900000, 0x00000000efa00000|  0%| F|  |TAMS 0x00000000ef900000, 0x00000000ef900000| Untracked 
| 250|0x00000000efa00000, 0x00000000efa00000, 0x00000000efb00000|  0%| F|  |TAMS 0x00000000efa00000, 0x00000000efa00000| Untracked 
| 251|0x00000000efb00000, 0x00000000efb00000, 0x00000000efc00000|  0%| F|  |TAMS 0x00000000efb00000, 0x00000000efb00000| Untracked 
| 252|0x00000000efc00000, 0x00000000efc00000, 0x00000000efd00000|  0%| F|  |TAMS 0x00000000efc00000, 0x00000000efc00000| Untracked 
| 253|0x00000000efd00000, 0x00000000efdbaf58, 0x00000000efe00000| 73%| E|  |TAMS 0x00000000efd00000, 0x00000000efd00000| Complete 
| 254|0x00000000efe00000, 0x00000000eff00000, 0x00000000eff00000|100%| E|CS|TAMS 0x00000000efe00000, 0x00000000efe00000| Complete 
| 255|0x00000000eff00000, 0x00000000f0000000, 0x00000000f0000000|100%| E|CS|TAMS 0x00000000eff00000, 0x00000000eff00000| Complete 

Card table byte_map: [0x000001e52f120000,0x000001e52f220000] _byte_map_base: 0x000001e52ea20000

Marking Bits (Prev, Next): (CMBitMap*) 0x000001e517f0b030, (CMBitMap*) 0x000001e517f0aff0
 Prev Bits: [0x000001e52fb20000, 0x000001e530320000)
 Next Bits: [0x000001e52f320000, 0x000001e52fb20000)

Polling page: 0x000001e515d90000

Metaspace:

Usage:
  Non-class:     30.26 MB capacity,    29.94 MB ( 99%) used,   276.53 KB ( <1%) free+waste,    49.62 KB ( <1%) overhead. 
      Class:      4.91 MB capacity,     4.70 MB ( 96%) used,   192.61 KB (  4%) free+waste,    21.00 KB ( <1%) overhead. 
       Both:     35.17 MB capacity,    34.64 MB ( 99%) used,   469.14 KB (  1%) free+waste,    70.62 KB ( <1%) overhead. 

Virtual space:
  Non-class space:       32.00 MB reserved,      30.40 MB ( 95%) committed 
      Class space:      248.00 MB reserved,       5.00 MB (  2%) committed 
             Both:      280.00 MB reserved,      35.40 MB ( 13%) committed 

Chunk freelists:
   Non-Class:  35.00 KB
       Class:  29.00 KB
        Both:  64.00 KB

MaxMetaspaceSize: 256.00 MB
CompressedClassSpaceSize: 248.00 MB

CodeHeap 'non-profiled nmethods': size=120000Kb used=1955Kb max_used=1955Kb free=118044Kb
 bounds [0x000001e527bf0000, 0x000001e527e60000, 0x000001e52f120000]
CodeHeap 'profiled nmethods': size=120000Kb used=7626Kb max_used=7626Kb free=112373Kb
 bounds [0x000001e5206c0000, 0x000001e520e40000, 0x000001e527bf0000]
CodeHeap 'non-nmethods': size=5760Kb used=2298Kb max_used=2353Kb free=3461Kb
 bounds [0x000001e520120000, 0x000001e520390000, 0x000001e5206c0000]
 total_blobs=4446 nmethods=3674 adapters=683
 compilation: enabled
              stopped_count=0, restarted_count=0
 full_count=0

Compilation events (20 events):
Event: 15.494 Thread 0x000001e5329006c0 3652       3       jdk.internal.org.objectweb.asm.MethodVisitor::visitMaxs (17 bytes)
Event: 15.494 Thread 0x000001e5329006c0 nmethod 3652 0x000001e520e24010 code [0x000001e520e241c0, 0x000001e520e243c8]
Event: 15.495 Thread 0x000001e5329006c0 3653       3       jdk.internal.org.objectweb.asm.MethodVisitor::visitEnd (15 bytes)
Event: 15.495 Thread 0x000001e5329006c0 nmethod 3653 0x000001e520e24490 code [0x000001e520e24640, 0x000001e520e24848]
Event: 15.495 Thread 0x000001e5329006c0 3654       3       jdk.internal.org.objectweb.asm.ClassWriter::visitEnd (1 bytes)
Event: 15.495 Thread 0x000001e5329006c0 nmethod 3654 0x000001e520e24910 code [0x000001e520e24aa0, 0x000001e520e24b98]
Event: 15.510 Thread 0x000001e53577ff50 nmethod 3625 0x000001e527dd1210 code [0x000001e527dd14a0, 0x000001e527dd4240]
Event: 15.510 Thread 0x000001e53577ff50 3630       4       java.lang.ClassLoader::getClassLoadingLock (35 bytes)
Event: 15.513 Thread 0x000001e53577ff50 nmethod 3630 0x000001e527dd5990 code [0x000001e527dd5b20, 0x000001e527dd5c28]
Event: 15.513 Thread 0x000001e53577ff50 3637       4       jdk.internal.org.objectweb.asm.MethodWriter::visitEnd (1 bytes)
Event: 15.513 Thread 0x000001e53577ff50 nmethod 3637 0x000001e527dd5d10 code [0x000001e527dd5e80, 0x000001e527dd5ed8]
Event: 15.545 Thread 0x000001e5329006c0 3655       3       java.lang.invoke.MethodHandleNatives$CallSiteContext::run (5 bytes)
Event: 15.545 Thread 0x000001e5329006c0 nmethod 3655 0x000001e520e24c10 code [0x000001e520e24dc0, 0x000001e520e24ee8]
Event: 15.545 Thread 0x000001e5329006c0 3657   !   3       jdk.internal.ref.PhantomCleanable::isListEmpty (34 bytes)
Event: 15.546 Thread 0x000001e53577ff50 3659   !   4       jdk.internal.ref.PhantomCleanable::remove (60 bytes)
Event: 15.546 Thread 0x000001e5328fe8b0 nmethod 3640 0x000001e527dd6410 code [0x000001e527dd6640, 0x000001e527dd74a8]
Event: 15.546 Thread 0x000001e5329006c0 nmethod 3657 0x000001e520e24f90 code [0x000001e520e25140, 0x000001e520e25378]
Event: 15.546 Thread 0x000001e5329006c0 3658       3       jdk.internal.misc.InnocuousThread::eraseThreadLocals (23 bytes)
Event: 15.546 Thread 0x000001e5329006c0 nmethod 3658 0x000001e520e25490 code [0x000001e520e25620, 0x000001e520e257f8]
Event: 15.553 Thread 0x000001e53577ff50 nmethod 3659 0x000001e527dd7e90 code [0x000001e527dd8020, 0x000001e527dd85b8]

GC Heap History (10 events):
Event: 0.758 GC heap before
{Heap before GC invocations=0 (full 0):
 garbage-first heap   total 262144K, used 18432K [0x00000000e0000000, 0x0000000100000000)
  region size 1024K, 13 young (13312K), 0 survivors (0K)
 Metaspace       used 2409K, capacity 5545K, committed 5760K, reserved 262144K
  class space    used 283K, capacity 567K, committed 640K, reserved 253952K
}
Event: 0.767 GC heap after
{Heap after GC invocations=1 (full 0):
 garbage-first heap   total 262144K, used 8085K [0x00000000e0000000, 0x0000000100000000)
  region size 1024K, 2 young (2048K), 2 survivors (2048K)
 Metaspace       used 2409K, capacity 5545K, committed 5760K, reserved 262144K
  class space    used 283K, capacity 567K, committed 640K, reserved 253952K
}
Event: 1.470 GC heap before
{Heap before GC invocations=1 (full 0):
 garbage-first heap   total 262144K, used 17301K [0x00000000e0000000, 0x0000000100000000)
  region size 1024K, 12 young (12288K), 2 survivors (2048K)
 Metaspace       used 3930K, capacity 6479K, committed 6656K, reserved 262144K
  class space    used 485K, capacity 729K, committed 768K, reserved 253952K
}
Event: 1.474 GC heap after
{Heap after GC invocations=2 (full 0):
 garbage-first heap   total 262144K, used 8686K [0x00000000e0000000, 0x0000000100000000)
  region size 1024K, 1 young (1024K), 1 survivors (1024K)
 Metaspace       used 3930K, capacity 6479K, committed 6656K, reserved 262144K
  class space    used 485K, capacity 729K, committed 768K, reserved 253952K
}
Event: 8.970 GC heap before
{Heap before GC invocations=2 (full 0):
 garbage-first heap   total 262144K, used 31214K [0x00000000e0000000, 0x0000000100000000)
  region size 1024K, 24 young (24576K), 1 survivors (1024K)
 Metaspace       used 4224K, capacity 6663K, committed 7040K, reserved 262144K
  class space    used 520K, capacity 769K, committed 896K, reserved 253952K
}
Event: 8.974 GC heap after
{Heap after GC invocations=3 (full 0):
 garbage-first heap   total 262144K, used 12847K [0x00000000e0000000, 0x0000000100000000)
  region size 1024K, 3 young (3072K), 3 survivors (3072K)
 Metaspace       used 4224K, capacity 6663K, committed 7040K, reserved 262144K
  class space    used 520K, capacity 769K, committed 896K, reserved 253952K
}
Event: 12.694 GC heap before
{Heap before GC invocations=3 (full 0):
 garbage-first heap   total 262144K, used 94767K [0x00000000e0000000, 0x0000000100000000)
  region size 1024K, 84 young (86016K), 3 survivors (3072K)
 Metaspace       used 20797K, capacity 21156K, committed 21296K, reserved 272384K
  class space    used 2998K, capacity 3123K, committed 3200K, reserved 253952K
}
Event: 12.709 GC heap after
{Heap after GC invocations=4 (full 0):
 garbage-first heap   total 262144K, used 18389K [0x00000000e0000000, 0x0000000100000000)
  region size 1024K, 9 young (9216K), 9 survivors (9216K)
 Metaspace       used 20797K, capacity 21156K, committed 21296K, reserved 272384K
  class space    used 2998K, capacity 3123K, committed 3200K, reserved 253952K
}
Event: 15.516 GC heap before
{Heap before GC invocations=5 (full 0):
 garbage-first heap   total 262144K, used 106453K [0x00000000e0000000, 0x0000000100000000)
  region size 1024K, 93 young (95232K), 9 survivors (9216K)
 Metaspace       used 35318K, capacity 35818K, committed 35888K, reserved 286720K
  class space    used 4798K, capacity 4962K, committed 4992K, reserved 253952K
}
Event: 15.544 GC heap after
{Heap after GC invocations=6 (full 0):
 garbage-first heap   total 262144K, used 25658K [0x00000000e0000000, 0x0000000100000000)
  region size 1024K, 16 young (16384K), 16 survivors (16384K)
 Metaspace       used 35318K, capacity 35818K, committed 35888K, reserved 286720K
  class space    used 4798K, capacity 4962K, committed 4992K, reserved 253952K
}

Deoptimization events (20 events):
Event: 14.903 Thread 0x000001e534d52ff0 Uncommon trap: trap_request=0xffffff45 fr.pc=0x000001e527d6820c relative=0x0000000000001d0c
Event: 14.903 Thread 0x000001e534d52ff0 Uncommon trap: reason=unstable_if action=reinterpret pc=0x000001e527d6820c method=org.codehaus.groovy.runtime.metaclass.MetaMethodIndex.addMethodToList(Ljava/lang/Object;Lgroovy/lang/MetaMethod;)Ljava/lang/Object; @ 226 c2
Event: 14.903 Thread 0x000001e534d52ff0 DEOPT PACKING pc=0x000001e527d6820c sp=0x000000c4e11facb0
Event: 14.903 Thread 0x000001e534d52ff0 DEOPT UNPACKING pc=0x000001e52016e42f sp=0x000000c4e11fac70 mode 2
Event: 15.136 Thread 0x000001e534d52ff0 Uncommon trap: trap_request=0xffffffc6 fr.pc=0x000001e527d39de8 relative=0x0000000000003cc8
Event: 15.136 Thread 0x000001e534d52ff0 Uncommon trap: reason=bimorphic_or_optimized_type_check action=maybe_recompile pc=0x000001e527d39de8 method=java.util.AbstractCollection.addAll(Ljava/util/Collection;)Z @ 29 c2
Event: 15.136 Thread 0x000001e534d52ff0 DEOPT PACKING pc=0x000001e527d39de8 sp=0x000000c4e11fbdb0
Event: 15.136 Thread 0x000001e534d52ff0 DEOPT UNPACKING pc=0x000001e52016e42f sp=0x000000c4e11fbda0 mode 2
Event: 15.437 Thread 0x000001e53752a660 Uncommon trap: trap_request=0xffffffde fr.pc=0x000001e527cb3448 relative=0x0000000000001728
Event: 15.437 Thread 0x000001e53752a660 Uncommon trap: reason=class_check action=maybe_recompile pc=0x000001e527cb3448 method=org.gradle.internal.logging.text.AbstractLineChoppingStyledTextOutput$StateContext.flushLineText()V @ 110 c2
Event: 15.437 Thread 0x000001e53752a660 DEOPT PACKING pc=0x000001e527cb3448 sp=0x000000c4e21fb870
Event: 15.437 Thread 0x000001e53752a660 DEOPT UNPACKING pc=0x000001e52016e42f sp=0x000000c4e21fb7e8 mode 2
Event: 15.437 Thread 0x000001e53752a660 Uncommon trap: trap_request=0xffffffde fr.pc=0x000001e527cb3448 relative=0x0000000000001728
Event: 15.437 Thread 0x000001e53752a660 Uncommon trap: reason=class_check action=maybe_recompile pc=0x000001e527cb3448 method=org.gradle.internal.logging.text.AbstractLineChoppingStyledTextOutput$StateContext.flushLineText()V @ 110 c2
Event: 15.437 Thread 0x000001e53752a660 DEOPT PACKING pc=0x000001e527cb3448 sp=0x000000c4e21fb950
Event: 15.437 Thread 0x000001e53752a660 DEOPT UNPACKING pc=0x000001e52016e42f sp=0x000000c4e21fb8c8 mode 2
Event: 15.488 Thread 0x000001e53752a660 Uncommon trap: trap_request=0xffffffc6 fr.pc=0x000001e527d4a224 relative=0x0000000000000444
Event: 15.488 Thread 0x000001e53752a660 Uncommon trap: reason=bimorphic_or_optimized_type_check action=maybe_recompile pc=0x000001e527d4a224 method=java.util.Collections$SetFromMap.remove(Ljava/lang/Object;)Z @ 5 c2
Event: 15.488 Thread 0x000001e53752a660 DEOPT PACKING pc=0x000001e527d4a224 sp=0x000000c4e21fed00
Event: 15.488 Thread 0x000001e53752a660 DEOPT UNPACKING pc=0x000001e52016e42f sp=0x000000c4e21fecf8 mode 2

Classes unloaded (0 events):
No events

Classes redefined (0 events):
No events

Internal exceptions (20 events):
Event: 15.036 Thread 0x000001e534d52ff0 Exception <a 'java/lang/ClassNotFoundException'{0x00000000eb64d838}: org/gradle/api/internal/DefaultNamedDomainObjectListBeanInfo> (0x00000000eb64d838) 
thrown [./open/src/hotspot/share/classfile/systemDictionary.cpp, line 295]
Event: 15.036 Thread 0x000001e534d52ff0 Exception <a 'java/lang/ClassNotFoundException'{0x00000000eb65bd30}: org/gradle/api/internal/DefaultNamedDomainObjectCollectionBeanInfo> (0x00000000eb65bd30) 
thrown [./open/src/hotspot/share/classfile/systemDictionary.cpp, line 295]
Event: 15.037 Thread 0x000001e534d52ff0 Exception <a 'java/lang/ClassNotFoundException'{0x00000000eb66a198}: org/gradle/api/internal/DefaultDomainObjectCollectionBeanInfo> (0x00000000eb66a198) 
thrown [./open/src/hotspot/share/classfile/systemDictionary.cpp, line 295]
Event: 15.037 Thread 0x000001e534d52ff0 Exception <a 'java/lang/ClassNotFoundException'{0x00000000eb66f100}: java/util/AbstractCollectionBeanInfo> (0x00000000eb66f100) 
thrown [./open/src/hotspot/share/classfile/systemDictionary.cpp, line 295]
Event: 15.037 Thread 0x000001e534d52ff0 Exception <a 'java/lang/ClassNotFoundException'{0x00000000eb674170}: java/util/AbstractCollectionCustomizer> (0x00000000eb674170) 
thrown [./open/src/hotspot/share/classfile/systemDictionary.cpp, line 295]
Event: 15.042 Thread 0x000001e534d52ff0 Exception <a 'java/lang/ClassNotFoundException'{0x00000000eb68b778}: org/gradle/api/internal/DefaultDomainObjectCollectionCustomizer> (0x00000000eb68b778) 
thrown [./open/src/hotspot/share/classfile/systemDictionary.cpp, line 295]
Event: 15.049 Thread 0x000001e534d52ff0 Exception <a 'java/lang/ClassNotFoundException'{0x00000000eb6b9838}: org/gradle/api/internal/DefaultNamedDomainObjectCollectionCustomizer> (0x00000000eb6b9838) 
thrown [./open/src/hotspot/share/classfile/systemDictionary.cpp, line 295]
Event: 15.052 Thread 0x000001e534d52ff0 Exception <a 'java/lang/ClassNotFoundException'{0x00000000eb6eeed0}: org/gradle/api/internal/DefaultNamedDomainObjectListCustomizer> (0x00000000eb6eeed0) 
thrown [./open/src/hotspot/share/classfile/systemDictionary.cpp, line 295]
Event: 15.056 Thread 0x000001e534d52ff0 Exception <a 'java/lang/ClassNotFoundException'{0x00000000eb5196b8}: org/gradle/api/internal/artifacts/DefaultArtifactRepositoryContainerCustomizer> (0x00000000eb5196b8) 
thrown [./open/src/hotspot/share/classfile/systemDictionary.cpp, line 295]
Event: 15.059 Thread 0x000001e534d52ff0 Exception <a 'java/lang/ClassNotFoundException'{0x00000000eb53c0c8}: org/gradle/api/internal/artifacts/dsl/DefaultRepositoryHandlerCustomizer> (0x00000000eb53c0c8) 
thrown [./open/src/hotspot/share/classfile/systemDictionary.cpp, line 295]
Event: 15.061 Thread 0x000001e534d52ff0 Exception <a 'java/lang/ClassNotFoundException'{0x00000000eb56a9f0}: org/gradle/api/internal/artifacts/dsl/DefaultRepositoryHandler_DecoratedCustomizer> (0x00000000eb56a9f0) 
thrown [./open/src/hotspot/share/classfile/systemDictionary.cpp, line 295]
Event: 15.070 Thread 0x000001e534d52ff0 Exception <a 'java/lang/ClassNotFoundException'{0x00000000eb5e4aa8}: org/gradle/api/internal/artifacts/dsl/dependencies/DefaultDependencyHandler_DecoratedBeanInfo> (0x00000000eb5e4aa8) 
thrown [./open/src/hotspot/share/classfile/systemDictionary.cpp, line 295]
Event: 15.072 Thread 0x000001e534d52ff0 Exception <a 'java/lang/ClassNotFoundException'{0x00000000eb5f4f40}: org/gradle/api/internal/artifacts/dsl/dependencies/DefaultDependencyHandlerBeanInfo> (0x00000000eb5f4f40) 
thrown [./open/src/hotspot/share/classfile/systemDictionary.cpp, line 295]
Event: 15.073 Thread 0x000001e534d52ff0 Exception <a 'java/lang/ClassNotFoundException'{0x00000000eb405878}: org/gradle/api/internal/artifacts/dsl/dependencies/DefaultDependencyHandlerCustomizer> (0x00000000eb405878) 
thrown [./open/src/hotspot/share/classfile/systemDictionary.cpp, line 295]
Event: 15.077 Thread 0x000001e534d52ff0 Exception <a 'java/lang/ClassNotFoundException'{0x00000000eb432e80}: org/gradle/api/internal/artifacts/dsl/dependencies/DefaultDependencyHandler_DecoratedCustomizer> (0x00000000eb432e80) 
thrown [./open/src/hotspot/share/classfile/systemDictionary.cpp, line 295]
Event: 15.263 Thread 0x000001e53752a660 Exception <a 'java/lang/NoSuchMethodError'{0x00000000eb0e7a98}: 'int java.lang.invoke.DirectMethodHandle$Holder.invokeInterface(java.lang.Object, java.lang.Object)'> (0x00000000eb0e7a98) 
thrown [./open/src/hotspot/share/interpreter/linkResolver.cpp, line 782]
Event: 15.414 Thread 0x000001e53752a660 Exception <a 'java/lang/NoSuchMethodError'{0x00000000ead8b230}: 'void java.lang.invoke.DirectMethodHandle$Holder.invokeVirtual(java.lang.Object, java.lang.Object)'> (0x00000000ead8b230) 
thrown [./open/src/hotspot/share/interpreter/linkResolver.cpp, line 782]
Event: 15.458 Thread 0x000001e53752a660 Exception <a 'java/lang/NoSuchMethodError'{0x00000000eac295e8}: 'java.lang.Object java.lang.invoke.DirectMethodHandle$Holder.newInvokeSpecial(java.lang.Object, java.lang.Object, java.lang.Object, java.lang.Object, int)'> (0x00000000eac295e8) 
thrown [./open/src/hotspot/share/interpreter/linkResolver.cpp, line 782]
Event: 15.461 Thread 0x000001e53752a660 Exception <a 'java/lang/NoSuchMethodError'{0x00000000eac2e168}: 'java.lang.Object java.lang.invoke.DirectMethodHandle$Holder.invokeSpecial(java.lang.Object, java.lang.Object, java.lang.Object, java.lang.Object, java.lang.Object, int)'> (0x00000000eac2e168) 
thrown [./open/src/hotspot/share/interpreter/linkResolver.cpp, line 782]
Event: 15.461 Thread 0x000001e53752a660 Exception <a 'java/lang/NoSuchMethodError'{0x00000000eac325a0}: 'java.lang.Object java.lang.invoke.Invokers$Holder.linkToTargetMethod(java.lang.Object, java.lang.Object, java.lang.Object, int, java.lang.Object)'> (0x00000000eac325a0) 
thrown [./open/src/hotspot/share/interpreter/linkResolver.cpp, line 782]

Events (20 events):
Event: 15.256 Thread 0x000001e537527fe0 Thread added: 0x000001e537527fe0
Event: 15.257 Thread 0x000001e53752a660 Thread added: 0x000001e53752a660
Event: 15.257 Thread 0x000001e53752ab30 Thread added: 0x000001e53752ab30
Event: 15.287 Thread 0x000001e53752b000 Thread added: 0x000001e53752b000
Event: 15.350 loading class java/util/SortedSet$1
Event: 15.351 loading class java/util/SortedSet$1 done
Event: 15.439 Executing VM operation: HandshakeAllThreads
Event: 15.439 Executing VM operation: HandshakeAllThreads done
Event: 15.493 Thread 0x000001e53752a660 Thread exited: 0x000001e53752a660
Event: 15.493 Thread 0x000001e537527fe0 Thread exited: 0x000001e537527fe0
Event: 15.494 Thread 0x000001e53752ab30 Thread exited: 0x000001e53752ab30
Event: 15.497 loading class java/util/concurrent/ConcurrentLinkedQueue$Itr
Event: 15.501 loading class java/util/concurrent/ConcurrentLinkedQueue$Itr done
Event: 15.516 Executing VM operation: CollectForMetadataAllocation
Event: 15.545 Executing VM operation: CollectForMetadataAllocation done
Event: 15.545 Executing VM operation: HandshakeAllThreads
Event: 15.545 Executing VM operation: HandshakeAllThreads done
Event: 15.555 loading class java/util/concurrent/locks/AbstractQueuedSynchronizer$SharedNode
Event: 15.555 loading class java/util/concurrent/locks/AbstractQueuedSynchronizer$SharedNode done
Event: 15.555 Thread 0x000001e537528980 Thread exited: 0x000001e537528980


Dynamic libraries:
0x00007ff7181c0000 - 0x00007ff7181cf000 	C:\Program Files\Java\jdk-15\bin\java.exe
0x00007ff827c30000 - 0x00007ff827e25000 	C:\WINDOWS\SYSTEM32\ntdll.dll
0x00007ff825e00000 - 0x00007ff825ebd000 	C:\WINDOWS\System32\KERNEL32.DLL
0x00007ff825940000 - 0x00007ff825c07000 	C:\WINDOWS\System32\KERNELBASE.dll
0x00007ff825370000 - 0x00007ff825470000 	C:\WINDOWS\System32\ucrtbase.dll
0x00007ff817250000 - 0x00007ff817269000 	C:\Program Files\Java\jdk-15\bin\VCRUNTIME140.dll
0x00007ff817270000 - 0x00007ff817288000 	C:\Program Files\Java\jdk-15\bin\jli.dll
0x00007ff826fb0000 - 0x00007ff82705a000 	C:\WINDOWS\System32\ADVAPI32.dll
0x00007ff8260f0000 - 0x00007ff82618e000 	C:\WINDOWS\System32\msvcrt.dll
0x00007ff8262b0000 - 0x00007ff82634b000 	C:\WINDOWS\System32\sechost.dll
0x00007ff825f60000 - 0x00007ff826084000 	C:\WINDOWS\System32\RPCRT4.dll
0x00007ff8264c0000 - 0x00007ff826660000 	C:\WINDOWS\System32\USER32.dll
0x00007ff825680000 - 0x00007ff8256a2000 	C:\WINDOWS\System32\win32u.dll
0x00007ff814f20000 - 0x00007ff8151bb000 	C:\WINDOWS\WinSxS\amd64_microsoft.windows.common-controls_6595b64144ccf1df_6.0.19041.488_none_ca04af081b815d21\COMCTL32.dll
0x00007ff826ef0000 - 0x00007ff826f1a000 	C:\WINDOWS\System32\GDI32.dll
0x00007ff825470000 - 0x00007ff825579000 	C:\WINDOWS\System32\gdi32full.dll
0x00007ff8255e0000 - 0x00007ff82567d000 	C:\WINDOWS\System32\msvcp_win.dll
0x00007ff81dce0000 - 0x00007ff81dcea000 	C:\WINDOWS\SYSTEM32\VERSION.dll
0x00007ff826350000 - 0x00007ff826380000 	C:\WINDOWS\System32\IMM32.DLL
0x00007ff81fc40000 - 0x00007ff81fc4c000 	C:\Program Files\Java\jdk-15\bin\vcruntime140_1.dll
0x00007fffeba90000 - 0x00007fffebb21000 	C:\Program Files\Java\jdk-15\bin\msvcp140.dll
0x00007fffc8e00000 - 0x00007fffc995c000 	C:\Program Files\Java\jdk-15\bin\server\jvm.dll
0x00007ff825f50000 - 0x00007ff825f58000 	C:\WINDOWS\System32\PSAPI.DLL
0x00007ff814e50000 - 0x00007ff814e59000 	C:\WINDOWS\SYSTEM32\WSOCK32.dll
0x00007ff826f40000 - 0x00007ff826fab000 	C:\WINDOWS\System32\WS2_32.dll
0x00007ff8155d0000 - 0x00007ff8155f7000 	C:\WINDOWS\SYSTEM32\WINMM.dll
0x00007ff8232d0000 - 0x00007ff8232e3000 	C:\WINDOWS\SYSTEM32\kernel.appcore.dll
0x00007ff81fa50000 - 0x00007ff81fa5a000 	C:\Program Files\Java\jdk-15\bin\jimage.dll
0x00007ff811260000 - 0x00007ff811444000 	C:\WINDOWS\SYSTEM32\DBGHELP.DLL
0x00007ff8110f0000 - 0x00007ff81111c000 	C:\WINDOWS\SYSTEM32\dbgcore.DLL
0x00007ff825c10000 - 0x00007ff825c8f000 	C:\WINDOWS\System32\bcryptPrimitives.dll
0x00007ff808300000 - 0x00007ff808325000 	C:\Program Files\Java\jdk-15\bin\java.dll
0x00007ff826660000 - 0x00007ff826da1000 	C:\WINDOWS\System32\SHELL32.dll
0x00007ff8234d0000 - 0x00007ff823c63000 	C:\WINDOWS\SYSTEM32\windows.storage.dll
0x00007ff827680000 - 0x00007ff8279d5000 	C:\WINDOWS\System32\combase.dll
0x00007ff824de0000 - 0x00007ff824e0c000 	C:\WINDOWS\SYSTEM32\Wldp.dll
0x00007ff825cf0000 - 0x00007ff825d9e000 	C:\WINDOWS\System32\SHCORE.dll
0x00007ff825da0000 - 0x00007ff825df5000 	C:\WINDOWS\System32\shlwapi.dll
0x00007ff8252a0000 - 0x00007ff8252c6000 	C:\WINDOWS\SYSTEM32\profapi.dll
0x00007ff817230000 - 0x00007ff817249000 	C:\Program Files\Java\jdk-15\bin\net.dll
0x00007ff8168a0000 - 0x00007ff8169a0000 	C:\WINDOWS\SYSTEM32\WINHTTP.dll
0x00007ff824b60000 - 0x00007ff824bca000 	C:\WINDOWS\system32\mswsock.dll
0x00007ffffcb30000 - 0x00007ffffcb42000 	C:\Program Files\Java\jdk-15\bin\nio.dll
0x00007ffffa090000 - 0x00007ffffa0a8000 	C:\Program Files\Java\jdk-15\bin\zip.dll
0x00007ff81fa20000 - 0x00007ff81fa30000 	C:\Program Files\Java\jdk-15\bin\verify.dll
0x00007ffff94d0000 - 0x00007ffff94f7000 	C:\Users\abimu\.gradle\native\9f2fa17c089eee584f3420100432f77ec4c098959e4bf121a4d6054c26537dfb\windows-amd64\native-platform.dll
0x00007ff81e650000 - 0x00007ff81e659000 	C:\Program Files\Java\jdk-15\bin\management.dll
0x00007ff81a130000 - 0x00007ff81a13b000 	C:\Program Files\Java\jdk-15\bin\management_ext.dll
0x00007ff824d30000 - 0x00007ff824d48000 	C:\WINDOWS\SYSTEM32\CRYPTSP.dll
0x00007ff824480000 - 0x00007ff8244b4000 	C:\WINDOWS\system32\rsaenh.dll
0x00007ff825810000 - 0x00007ff825837000 	C:\WINDOWS\System32\bcrypt.dll
0x00007ff825220000 - 0x00007ff82524e000 	C:\WINDOWS\SYSTEM32\USERENV.dll
0x00007ff824d50000 - 0x00007ff824d5c000 	C:\WINDOWS\SYSTEM32\CRYPTBASE.dll
0x00007ff824800000 - 0x00007ff82483b000 	C:\WINDOWS\SYSTEM32\IPHLPAPI.DLL
0x00007ff825ec0000 - 0x00007ff825ec9000 	C:\WINDOWS\System32\NSI.dll
0x00007ff819280000 - 0x00007ff819297000 	C:\WINDOWS\SYSTEM32\dhcpcsvc6.DLL
0x00007ff81c5b0000 - 0x00007ff81c5cd000 	C:\WINDOWS\SYSTEM32\dhcpcsvc.DLL
0x00007ff824850000 - 0x00007ff82491b000 	C:\WINDOWS\SYSTEM32\DNSAPI.dll
0x00007ff81d900000 - 0x00007ff81d90b000 	C:\WINDOWS\SYSTEM32\WINNSI.DLL
0x00007fffeb8f0000 - 0x00007fffeba86000 	C:\Users\abimu\.gradle\native\9f2fa17c089eee584f3420100432f77ec4c098959e4bf121a4d6054c26537dfb\windows-amd64\native-platform-file-events.dll

dbghelp: loaded successfully - version: 4.0.5 - missing functions: none
symbol engine: initialized successfully - sym options: 0x614 - pdb path: .;C:\Program Files\Java\jdk-15\bin;C:\WINDOWS\SYSTEM32;C:\WINDOWS\WinSxS\amd64_microsoft.windows.common-controls_6595b64144ccf1df_6.0.19041.488_none_ca04af081b815d21;C:\Program Files\Java\jdk-15\bin\server;C:\Users\abimu\.gradle\native\9f2fa17c089eee584f3420100432f77ec4c098959e4bf121a4d6054c26537dfb\windows-amd64

VM Arguments:
jvm_args: --add-opens=java.base/java.util=ALL-UNNAMED --add-opens=java.base/java.lang=ALL-UNNAMED --add-opens=java.base/java.lang.invoke=ALL-UNNAMED --add-opens=java.prefs/java.util.prefs=ALL-UNNAMED -XX:MaxMetaspaceSize=256m -XX:+HeapDumpOnOutOfMemoryError -Xms256m -Xmx512m -Dfile.encoding=windows-1252 -Duser.country=ID -Duser.language=en -Duser.variant 
java_command: org.gradle.launcher.daemon.bootstrap.GradleDaemon 6.6.1
java_class_path (initial): C:\gradle-6.6.1\lib\gradle-launcher-6.6.1.jar
Launcher Type: SUN_STANDARD

[Global flags]
     intx CICompilerCount                          = 3                                         {product} {ergonomic}
   size_t CompressedClassSpaceSize                 = 260046848                                 {product} {ergonomic}
     uint ConcGCThreads                            = 1                                         {product} {ergonomic}
     uint G1ConcRefinementThreads                  = 4                                         {product} {ergonomic}
   size_t G1HeapRegionSize                         = 1048576                                   {product} {ergonomic}
    uintx GCDrainStackTargetSize                   = 64                                        {product} {ergonomic}
     bool HeapDumpOnOutOfMemoryError               = true                                   {manageable} {command line}
   size_t InitialHeapSize                          = 268435456                                 {product} {command line}
   size_t MarkStackSize                            = 4194304                                   {product} {ergonomic}
   size_t MaxHeapSize                              = 536870912                                 {product} {command line}
   size_t MaxMetaspaceSize                         = 268435456                                 {product} {command line}
   size_t MaxNewSize                               = 321912832                                 {product} {ergonomic}
   size_t MinHeapDeltaBytes                        = 1048576                                   {product} {ergonomic}
   size_t MinHeapSize                              = 268435456                                 {product} {command line}
    uintx NonNMethodCodeHeapSize                   = 5832780                                {pd product} {ergonomic}
    uintx NonProfiledCodeHeapSize                  = 122912730                              {pd product} {ergonomic}
    uintx ProfiledCodeHeapSize                     = 122912730                              {pd product} {ergonomic}
    uintx ReservedCodeCacheSize                    = 251658240                              {pd product} {ergonomic}
     bool SegmentedCodeCache                       = true                                      {product} {ergonomic}
   size_t SoftMaxHeapSize                          = 536870912                              {manageable} {ergonomic}
     bool UseCompressedClassPointers               = true                                 {lp64_product} {ergonomic}
     bool UseCompressedOops                        = true                                 {lp64_product} {ergonomic}
     bool UseG1GC                                  = true                                      {product} {ergonomic}
     bool UseLargePagesIndividualAllocation        = false                                  {pd product} {ergonomic}

Logging:
Log output configuration:
 #0: stdout all=warning uptime,level,tags
 #1: stderr all=off uptime,level,tags

Environment Variables:
CLASSPATH=C:\gradle-6.6.1\lib\gradle-launcher-6.6.1.jar
PATH=C:\Program Files\Common Files\Oracle\Java\javapath;C:\Program Files (x86)\Common Files\Oracle\Java\javapath;C:\Program Files (x86)\Common Files\Intel\Shared Libraries\redist\intel64\compiler;C:\WINDOWS\system32;C:\WINDOWS;C:\WINDOWS\System32\Wbem;C:\WINDOWS\System32\WindowsPowerShell\v1.0\;C:\WINDOWS\System32\OpenSSH\;C:\Program Files\Java\jdk-11.0.1\bin;C:\xampp\php;C:\Program Files\Git\cmd;C:\Program Files\Git\mingw64\bin;C:\Program Files\Git\usr\bin;D:\flutter\flutter\bin;C:\Program Files\dotnet\;C:\Program Files\nodejs\;D:\xampp\php;C:\laragon\bin\php\php-7.2.19-Win32-VC15-x64;C:\ProgramData\ComposerSetup\bin;C:\Program Files (x86)\NVIDIA Corporation\PhysX\Common;C:\Program Files\NVIDIA Corporation\NVIDIA NvDLISR;C:\WINDOWS\system32;C:\WINDOWS;C:\WINDOWS\System32\Wbem;C:\WINDOWS\System32\WindowsPowerShell\v1.0\;C:\WINDOWS\System32\OpenSSH\;F:\flutter\flutter\flutter\bin;C:\Users\abimu\AppData\Local\Microsoft\WindowsApps;C:\Users\abimu\AppData\Local\Programs\Microsoft VS Code\bin;C:\Users\abimu\AppData\Roaming\npm;C:\Users\abimu\AppData\Roaming\Composer\vendor\bin;C:\Users\abimu\AppData\Local\Microsoft\WindowsApps;C:\gradle-6.6.1\bin;
USERNAME=abimu
LANG=en_US.UTF-8
OS=Windows_NT
PROCESSOR_IDENTIFIER=Intel64 Family 6 Model 69 Stepping 1, GenuineIntel



---------------  S Y S T E M  ---------------

OS:
 Windows 10 , 64 bit Build 19041 (10.0.19041.292)
OS uptime: 2 days 5:40 hours

CPU: total 4 (initial active 4) (2 cores per cpu, 2 threads per core) family 6 model 69 stepping 1, cmov, cx8, fxsr, mmx, sse, sse2, sse3, ssse3, sse4.1, sse4.2, popcnt, vzeroupper, avx, avx2, aes, clmul, erms, lzcnt, ht, tsc, tscinvbit, bmi1, bmi2, fma, clflush

Memory: 4k page, system-wide physical 8117M (2917M free)
TotalPageFile size 10554M (AvailPageFile size 1789M)
current process WorkingSet (physical memory assigned to process): 252M, peak: 253M
current process commit charge ("private bytes"): 429M, peak: 446M

vm_info: Java HotSpot(TM) 64-Bit Server VM (15+36-1562) for windows-amd64 JRE (15+36-1562), built on Aug 11 2020 22:38:02 by "mach5one" with unknown MS VC++:1925

END.
